This is pdfTeX, Version 3.14159265-2.6-1.40.18 (TeX Live 2017/Debian) (preloaded format=pdflatex 2018.7.23)  3 AUG 2018 12:42
entering extended mode
 restricted \write18 enabled.
 %&-line parsing enabled.
**FMF_Magistrsko_delo_Jan_Suntajs.tex
(./FMF_Magistrsko_delo_Jan_Suntajs.tex
LaTeX2e <2017-04-15>
Babel <3.10> and hyphenation patterns for 84 language(s) loaded.

LaTeX Warning: File `FMF_Magistrsko_delo_Jan_Suntajs.xmpdata' already exists on
 the system.
               Not generating it from this source.

(/usr/share/texlive/texmf-dist/tex/latex/base/book.cls
Document Class: book 2014/09/29 v1.4h Standard LaTeX document class
(/usr/share/texlive/texmf-dist/tex/latex/base/bk12.clo
File: bk12.clo 2014/09/29 v1.4h Standard LaTeX file (size option)
)
\c@part=\count79
\c@chapter=\count80
\c@section=\count81
\c@subsection=\count82
\c@subsubsection=\count83
\c@paragraph=\count84
\c@subparagraph=\count85
\c@figure=\count86
\c@table=\count87
\abovecaptionskip=\skip41
\belowcaptionskip=\skip42
\bibindent=\dimen102
)
(/usr/share/texlive/texmf-dist/tex/latex/floatrow/floatrow.sty
Package: floatrow 2008/08/02 v0.3b floatrow: float package extension

(/usr/share/texlive/texmf-dist/tex/latex/graphics/keyval.sty
Package: keyval 2014/10/28 v1.15 key=value parser (DPC)
\KV@toks@=\toks14
)
(/usr/share/texlive/texmf-dist/tex/latex/caption/caption3.sty
Package: caption3 2016/05/22 v1.7-166 caption3 kernel (AR)
Package caption3 Info: TeX engine: e-TeX on input line 67.
\captionmargin=\dimen103
\captionmargin@=\dimen104
\captionwidth=\dimen105
\caption@tempdima=\dimen106
\caption@indent=\dimen107
\caption@parindent=\dimen108
\caption@hangindent=\dimen109
)
\c@float@type=\count88
\float@exts=\toks15
\float@box=\box26
\@floatcapt=\box27
Package floatrow Info: Modified float package code loaded on input line 455.
Package floatrow Info: Modified rotfloat package code loaded on input line 473.

\FR@everyfloat=\toks16
\flrow@foot=\insert199
\FB@wd=\dimen110
\FBo@wd=\dimen111
\FBc@wd=\dimen112
\FBo@ht=\skip43
\FBc@ht=\skip44
\FBf@ht=\skip45
\FBo@max=\skip46
\FBc@max=\skip47
\FBf@max=\skip48
\c@FBl@b=\count89
\floatbox@depth=\count90
\c@FRobj=\count91
\c@FRsobj=\count92
\Xhsize=\skip49
\sXhsize=\skip50
\Zhsize=\skip51
\sZhsize=\skip52
\flrow@rowbox=\box28
\FR@Zunitlength=\dimen113
\c@FBcnt=\count93
\FPOScnt=\count94
\LTleft=\skip53
\LTright=\skip54
\LTleft=\skip55
\LTright=\skip56
\flrow@types=\toks17
)
(/usr/share/texlive/texmf-dist/tex/latex/hyperref/hyperref.sty
Package: hyperref 2017/03/14 v6.85a Hypertext links for LaTeX

(/usr/share/texlive/texmf-dist/tex/generic/oberdiek/hobsub-hyperref.sty
Package: hobsub-hyperref 2016/05/16 v1.14 Bundle oberdiek, subset hyperref (HO)


(/usr/share/texlive/texmf-dist/tex/generic/oberdiek/hobsub-generic.sty
Package: hobsub-generic 2016/05/16 v1.14 Bundle oberdiek, subset generic (HO)
Package: hobsub 2016/05/16 v1.14 Construct package bundles (HO)
Package: infwarerr 2016/05/16 v1.4 Providing info/warning/error messages (HO)
Package: ltxcmds 2016/05/16 v1.23 LaTeX kernel commands for general use (HO)
Package: ifluatex 2016/05/16 v1.4 Provides the ifluatex switch (HO)
Package ifluatex Info: LuaTeX not detected.
Package: ifvtex 2016/05/16 v1.6 Detect VTeX and its facilities (HO)
Package ifvtex Info: VTeX not detected.
Package: intcalc 2016/05/16 v1.2 Expandable calculations with integers (HO)
Package: ifpdf 2017/03/15 v3.2 Provides the ifpdf switch
Package: etexcmds 2016/05/16 v1.6 Avoid name clashes with e-TeX commands (HO)
Package etexcmds Info: Could not find \expanded.
(etexcmds)             That can mean that you are not using pdfTeX 1.50 or
(etexcmds)             that some package has redefined \expanded.
(etexcmds)             In the latter case, load this package earlier.
Package: kvsetkeys 2016/05/16 v1.17 Key value parser (HO)
Package: kvdefinekeys 2016/05/16 v1.4 Define keys (HO)
Package: pdftexcmds 2017/03/19 v0.25 Utility functions of pdfTeX for LuaTeX (HO
)
Package pdftexcmds Info: LuaTeX not detected.
Package pdftexcmds Info: \pdf@primitive is available.
Package pdftexcmds Info: \pdf@ifprimitive is available.
Package pdftexcmds Info: \pdfdraftmode found.
Package: pdfescape 2016/05/16 v1.14 Implements pdfTeX's escape features (HO)
Package: bigintcalc 2016/05/16 v1.4 Expandable calculations on big integers (HO
)
Package: bitset 2016/05/16 v1.2 Handle bit-vector datatype (HO)
Package: uniquecounter 2016/05/16 v1.3 Provide unlimited unique counter (HO)
)
Package hobsub Info: Skipping package `hobsub' (already loaded).
Package: letltxmacro 2016/05/16 v1.5 Let assignment for LaTeX macros (HO)
Package: hopatch 2016/05/16 v1.3 Wrapper for package hooks (HO)
Package: xcolor-patch 2016/05/16 xcolor patch
Package: atveryend 2016/05/16 v1.9 Hooks at the very end of document (HO)
Package atveryend Info: \enddocument detected (standard20110627).
Package: atbegshi 2016/06/09 v1.18 At begin shipout hook (HO)
Package: refcount 2016/05/16 v3.5 Data extraction from label references (HO)
Package: hycolor 2016/05/16 v1.8 Color options for hyperref/bookmark (HO)
)
(/usr/share/texlive/texmf-dist/tex/generic/ifxetex/ifxetex.sty
Package: ifxetex 2010/09/12 v0.6 Provides ifxetex conditional
)
(/usr/share/texlive/texmf-dist/tex/latex/oberdiek/auxhook.sty
Package: auxhook 2016/05/16 v1.4 Hooks for auxiliary files (HO)
)
(/usr/share/texlive/texmf-dist/tex/latex/oberdiek/kvoptions.sty
Package: kvoptions 2016/05/16 v3.12 Key value format for package options (HO)
)
\@linkdim=\dimen114
\Hy@linkcounter=\count95
\Hy@pagecounter=\count96

(/usr/share/texlive/texmf-dist/tex/latex/hyperref/pd1enc.def
File: pd1enc.def 2017/03/14 v6.85a Hyperref: PDFDocEncoding definition (HO)
)
\Hy@SavedSpaceFactor=\count97

(/usr/share/texlive/texmf-dist/tex/latex/latexconfig/hyperref.cfg
File: hyperref.cfg 2002/06/06 v1.2 hyperref configuration of TeXLive
)
Package hyperref Info: Hyper figures OFF on input line 4498.
Package hyperref Info: Link nesting OFF on input line 4503.
Package hyperref Info: Hyper index ON on input line 4506.
Package hyperref Info: Plain pages OFF on input line 4513.
Package hyperref Info: Backreferencing OFF on input line 4518.
Package hyperref Info: Implicit mode ON; LaTeX internals redefined.
Package hyperref Info: Bookmarks ON on input line 4751.
\c@Hy@tempcnt=\count98

(/usr/share/texlive/texmf-dist/tex/latex/url/url.sty
\Urlmuskip=\muskip10
Package: url 2013/09/16  ver 3.4  Verb mode for urls, etc.
)
LaTeX Info: Redefining \url on input line 5104.
\XeTeXLinkMargin=\dimen115
\Fld@menulength=\count99
\Field@Width=\dimen116
\Fld@charsize=\dimen117
Package hyperref Info: Hyper figures OFF on input line 6358.
Package hyperref Info: Link nesting OFF on input line 6363.
Package hyperref Info: Hyper index ON on input line 6366.
Package hyperref Info: backreferencing OFF on input line 6373.
Package hyperref Info: Link coloring OFF on input line 6378.
Package hyperref Info: Link coloring with OCG OFF on input line 6383.
Package hyperref Info: PDF/A mode OFF on input line 6388.
LaTeX Info: Redefining \ref on input line 6428.
LaTeX Info: Redefining \pageref on input line 6432.
\Hy@abspage=\count100
\c@Item=\count101
\c@Hfootnote=\count102
)

Package hyperref Message: Driver (autodetected): hpdftex.

(/usr/share/texlive/texmf-dist/tex/latex/hyperref/hpdftex.def
File: hpdftex.def 2017/03/14 v6.85a Hyperref driver for pdfTeX
\Fld@listcount=\count103
\c@bookmark@seq@number=\count104

(/usr/share/texlive/texmf-dist/tex/latex/oberdiek/rerunfilecheck.sty
Package: rerunfilecheck 2016/05/16 v1.8 Rerun checks for auxiliary files (HO)
Package uniquecounter Info: New unique counter `rerunfilecheck' on input line 2
82.
)
\Hy@SectionHShift=\skip57
)
(/usr/share/texlive/texmf-dist/tex/latex/amsmath/amsmath.sty
Package: amsmath 2016/11/05 v2.16a AMS math features
\@mathmargin=\skip58

For additional information on amsmath, use the `?' option.
(/usr/share/texlive/texmf-dist/tex/latex/amsmath/amstext.sty
Package: amstext 2000/06/29 v2.01 AMS text

(/usr/share/texlive/texmf-dist/tex/latex/amsmath/amsgen.sty
File: amsgen.sty 1999/11/30 v2.0 generic functions
\@emptytoks=\toks18
\ex@=\dimen118
))
(/usr/share/texlive/texmf-dist/tex/latex/amsmath/amsbsy.sty
Package: amsbsy 1999/11/29 v1.2d Bold Symbols
\pmbraise@=\dimen119
)
(/usr/share/texlive/texmf-dist/tex/latex/amsmath/amsopn.sty
Package: amsopn 2016/03/08 v2.02 operator names
)
\inf@bad=\count105
LaTeX Info: Redefining \frac on input line 213.
\uproot@=\count106
\leftroot@=\count107
LaTeX Info: Redefining \overline on input line 375.
\classnum@=\count108
\DOTSCASE@=\count109
LaTeX Info: Redefining \ldots on input line 472.
LaTeX Info: Redefining \dots on input line 475.
LaTeX Info: Redefining \cdots on input line 596.
\Mathstrutbox@=\box29
\strutbox@=\box30
\big@size=\dimen120
LaTeX Font Info:    Redeclaring font encoding OML on input line 712.
LaTeX Font Info:    Redeclaring font encoding OMS on input line 713.
\macc@depth=\count110
\c@MaxMatrixCols=\count111
\dotsspace@=\muskip11
\c@parentequation=\count112
\dspbrk@lvl=\count113
\tag@help=\toks19
\row@=\count114
\column@=\count115
\maxfields@=\count116
\andhelp@=\toks20
\eqnshift@=\dimen121
\alignsep@=\dimen122
\tagshift@=\dimen123
\tagwidth@=\dimen124
\totwidth@=\dimen125
\lineht@=\dimen126
\@envbody=\toks21
\multlinegap=\skip59
\multlinetaggap=\skip60
\mathdisplay@stack=\toks22
LaTeX Info: Redefining \[ on input line 2817.
LaTeX Info: Redefining \] on input line 2818.
)
(/usr/share/texlive/texmf-dist/tex/latex/amsfonts/amsfonts.sty
Package: amsfonts 2013/01/14 v3.01 Basic AMSFonts support
\symAMSa=\mathgroup4
\symAMSb=\mathgroup5
LaTeX Font Info:    Overwriting math alphabet `\mathfrak' in version `bold'
(Font)                  U/euf/m/n --> U/euf/b/n on input line 106.
)
(/usr/share/texlive/texmf-dist/tex/latex/amsfonts/amssymb.sty
Package: amssymb 2013/01/14 v3.01 AMS font symbols
)
(/usr/share/texmf/tex/latex/lm/lmodern.sty
Package: lmodern 2009/10/30 v1.6 Latin Modern Fonts
LaTeX Font Info:    Overwriting symbol font `operators' in version `normal'
(Font)                  OT1/cmr/m/n --> OT1/lmr/m/n on input line 22.
LaTeX Font Info:    Overwriting symbol font `letters' in version `normal'
(Font)                  OML/cmm/m/it --> OML/lmm/m/it on input line 23.
LaTeX Font Info:    Overwriting symbol font `symbols' in version `normal'
(Font)                  OMS/cmsy/m/n --> OMS/lmsy/m/n on input line 24.
LaTeX Font Info:    Overwriting symbol font `largesymbols' in version `normal'
(Font)                  OMX/cmex/m/n --> OMX/lmex/m/n on input line 25.
LaTeX Font Info:    Overwriting symbol font `operators' in version `bold'
(Font)                  OT1/cmr/bx/n --> OT1/lmr/bx/n on input line 26.
LaTeX Font Info:    Overwriting symbol font `letters' in version `bold'
(Font)                  OML/cmm/b/it --> OML/lmm/b/it on input line 27.
LaTeX Font Info:    Overwriting symbol font `symbols' in version `bold'
(Font)                  OMS/cmsy/b/n --> OMS/lmsy/b/n on input line 28.
LaTeX Font Info:    Overwriting symbol font `largesymbols' in version `bold'
(Font)                  OMX/cmex/m/n --> OMX/lmex/m/n on input line 29.
LaTeX Font Info:    Overwriting math alphabet `\mathbf' in version `normal'
(Font)                  OT1/cmr/bx/n --> OT1/lmr/bx/n on input line 31.
LaTeX Font Info:    Overwriting math alphabet `\mathsf' in version `normal'
(Font)                  OT1/cmss/m/n --> OT1/lmss/m/n on input line 32.
LaTeX Font Info:    Overwriting math alphabet `\mathit' in version `normal'
(Font)                  OT1/cmr/m/it --> OT1/lmr/m/it on input line 33.
LaTeX Font Info:    Overwriting math alphabet `\mathtt' in version `normal'
(Font)                  OT1/cmtt/m/n --> OT1/lmtt/m/n on input line 34.
LaTeX Font Info:    Overwriting math alphabet `\mathbf' in version `bold'
(Font)                  OT1/cmr/bx/n --> OT1/lmr/bx/n on input line 35.
LaTeX Font Info:    Overwriting math alphabet `\mathsf' in version `bold'
(Font)                  OT1/cmss/bx/n --> OT1/lmss/bx/n on input line 36.
LaTeX Font Info:    Overwriting math alphabet `\mathit' in version `bold'
(Font)                  OT1/cmr/bx/it --> OT1/lmr/bx/it on input line 37.
LaTeX Font Info:    Overwriting math alphabet `\mathtt' in version `bold'
(Font)                  OT1/cmtt/m/n --> OT1/lmtt/m/n on input line 38.
)
(/usr/share/texlive/texmf-dist/tex/latex/caption/subcaption.sty
Package: subcaption 2016/05/22 v1.1-161 Sub-captions (AR)

(/usr/share/texlive/texmf-dist/tex/latex/caption/caption.sty
Package: caption 2016/02/21 v3.3-144 Customizing captions (AR)
\c@ContinuedFloat=\count117
Package caption Info: float package is loaded.
Package caption Info: floatrow package is loaded.
Package caption Info: hyperref package is loaded.
)
\c@subfigure=\count118
\c@subtable=\count119
)
(/usr/share/texlive/texmf-dist/tex/latex/footmisc/footmisc.sty
Package: footmisc 2011/06/06 v5.5b a miscellany of footnote facilities
\FN@temptoken=\toks23
\footnotemargin=\dimen127
\c@pp@next@reset=\count120


LaTeX Warning: Command \@footnotemark  has changed.
               Check if current package is valid.

Package footmisc Info: Declaring symbol style bringhurst on input line 855.
Package footmisc Info: Declaring symbol style chicago on input line 863.
Package footmisc Info: Declaring symbol style wiley on input line 872.
Package footmisc Info: Declaring symbol style lamport-robust on input line 883.

Package footmisc Info: Declaring symbol style lamport* on input line 903.
Package footmisc Info: Declaring symbol style lamport*-robust on input line 924
.
) (/usr/share/texlive/texmf-dist/tex/latex/units/units.sty
Package: units 1998/08/04 v0.9b Typesetting units

(/usr/share/texlive/texmf-dist/tex/latex/base/ifthen.sty
Package: ifthen 2014/09/29 v1.1c Standard LaTeX ifthen package (DPC)
)
(/usr/share/texlive/texmf-dist/tex/latex/units/nicefrac.sty
Package: nicefrac 1998/08/04 v0.9b Nice fractions
\L@UnitsRaiseDisplaystyle=\skip61
\L@UnitsRaiseTextstyle=\skip62
\L@UnitsRaiseScriptstyle=\skip63
))
(/usr/share/texlive/texmf-dist/tex/latex/tools/bm.sty
Package: bm 2017/01/16 v1.2c Bold Symbol Support (DPC/FMi)
\symboldoperators=\mathgroup6
\symboldletters=\mathgroup7
\symboldsymbols=\mathgroup8
LaTeX Font Info:    Redeclaring math alphabet \mathbf on input line 141.
LaTeX Info: Redefining \bm on input line 207.
)
(/usr/share/texlive/texmf-dist/tex/latex/mhchem/mhchem.sty
Package: mhchem 2017/01/16 v4.06 for typesetting chemical formulae

(/usr/share/texlive/texmf-dist/tex/latex/l3kernel/expl3.sty
Package: expl3 2017/05/29 L3 programming layer (loader) 

(/usr/share/texlive/texmf-dist/tex/latex/l3kernel/expl3-code.tex
Package: expl3 2017/05/29 L3 programming layer (code)
\c_max_int=\count121
\l_tmpa_int=\count122
\l_tmpb_int=\count123
\g_tmpa_int=\count124
\g_tmpb_int=\count125
\g__intarray_font_int=\count126
\g__prg_map_int=\count127
\c_log_iow=\count128
\l_iow_line_count_int=\count129
\l__iow_line_target_int=\count130
\l__iow_one_indent_int=\count131
\l__iow_indent_int=\count132
\c_zero_dim=\dimen128
\c_max_dim=\dimen129
\l_tmpa_dim=\dimen130
\l_tmpb_dim=\dimen131
\g_tmpa_dim=\dimen132
\g_tmpb_dim=\dimen133
\c_zero_skip=\skip64
\c_max_skip=\skip65
\l_tmpa_skip=\skip66
\l_tmpb_skip=\skip67
\g_tmpa_skip=\skip68
\g_tmpb_skip=\skip69
\c_zero_muskip=\muskip12
\c_max_muskip=\muskip13
\l_tmpa_muskip=\muskip14
\l_tmpb_muskip=\muskip15
\g_tmpa_muskip=\muskip16
\g_tmpb_muskip=\muskip17
\l_keys_choice_int=\count133
\c__fp_leading_shift_int=\count134
\c__fp_middle_shift_int=\count135
\c__fp_trailing_shift_int=\count136
\c__fp_big_leading_shift_int=\count137
\c__fp_big_middle_shift_int=\count138
\c__fp_big_trailing_shift_int=\count139
\c__fp_Bigg_leading_shift_int=\count140
\c__fp_Bigg_middle_shift_int=\count141
\c__fp_Bigg_trailing_shift_int=\count142
\c__fp_rand_size_int=\count143
\c__fp_rand_four_int=\count144
\c__fp_rand_eight_int=\count145
\l__sort_length_int=\count146
\l__sort_min_int=\count147
\l__sort_top_int=\count148
\l__sort_max_int=\count149
\l__sort_true_max_int=\count150
\l__sort_block_int=\count151
\l__sort_begin_int=\count152
\l__sort_end_int=\count153
\l__sort_A_int=\count154
\l__sort_B_int=\count155
\l__sort_C_int=\count156
\l__tl_build_start_index_int=\count157
\l__tl_build_index_int=\count158
\l__tl_analysis_normal_int=\count159
\l__tl_analysis_index_int=\count160
\l__tl_analysis_nesting_int=\count161
\l__tl_analysis_type_int=\count162
\l__regex_internal_a_int=\count163
\l__regex_internal_b_int=\count164
\l__regex_internal_c_int=\count165
\l__regex_balance_int=\count166
\l__regex_group_level_int=\count167
\l__regex_mode_int=\count168
\c__regex_cs_in_class_mode_int=\count169
\c__regex_cs_mode_int=\count170
\l__regex_catcodes_int=\count171
\l__regex_default_catcodes_int=\count172
\c__regex_catcode_D_int=\count173
\c__regex_catcode_S_int=\count174
\c__regex_catcode_L_int=\count175
\c__regex_catcode_O_int=\count176
\c__regex_catcode_A_int=\count177
\c__regex_all_catcodes_int=\count178
\l__regex_show_lines_int=\count179
\l__regex_min_state_int=\count180
\l__regex_max_state_int=\count181
\l__regex_left_state_int=\count182
\l__regex_right_state_int=\count183
\l__regex_capturing_group_int=\count184
\l__regex_min_pos_int=\count185
\l__regex_max_pos_int=\count186
\l__regex_current_pos_int=\count187
\l__regex_start_pos_int=\count188
\l__regex_success_pos_int=\count189
\l__regex_current_char_int=\count190
\l__regex_current_catcode_int=\count191
\l__regex_last_char_int=\count192
\l__regex_case_changed_char_int=\count193
\l__regex_current_state_int=\count194
\l__regex_step_int=\count195
\l__regex_min_active_int=\count196
\l__regex_max_active_int=\count197
\l__regex_replacement_csnames_int=\count198
\l__regex_match_count_int=\count266
\l__regex_min_submatch_int=\count267
\l__regex_submatch_int=\count268
\l__regex_zeroth_submatch_int=\count269
\c_empty_box=\box31
\l_tmpa_box=\box32
\l_tmpb_box=\box33
\g_tmpa_box=\box34
\g_tmpb_box=\box35
\l__box_top_dim=\dimen134
\l__box_bottom_dim=\dimen135
\l__box_left_dim=\dimen136
\l__box_right_dim=\dimen137
\l__box_top_new_dim=\dimen138
\l__box_bottom_new_dim=\dimen139
\l__box_left_new_dim=\dimen140
\l__box_right_new_dim=\dimen141
\l__box_internal_box=\box36
\l__coffin_internal_box=\box37
\l__coffin_internal_dim=\dimen142
\l__coffin_offset_x_dim=\dimen143
\l__coffin_offset_y_dim=\dimen144
\l__coffin_x_dim=\dimen145
\l__coffin_y_dim=\dimen146
\l__coffin_x_prime_dim=\dimen147
\l__coffin_y_prime_dim=\dimen148
\c_empty_coffin=\box38
\l__coffin_aligned_coffin=\box39
\l__coffin_aligned_internal_coffin=\box40
\l_tmpa_coffin=\box41
\l_tmpb_coffin=\box42
\l__coffin_display_coffin=\box43
\l__coffin_display_coord_coffin=\box44
\l__coffin_display_pole_coffin=\box45
\l__coffin_display_offset_dim=\dimen149
\l__coffin_display_x_dim=\dimen150
\l__coffin_display_y_dim=\dimen151
\l__coffin_bounding_shift_dim=\dimen152
\l__coffin_left_corner_dim=\dimen153
\l__coffin_right_corner_dim=\dimen154
\l__coffin_bottom_corner_dim=\dimen155
\l__coffin_top_corner_dim=\dimen156
\l__coffin_scaled_total_height_dim=\dimen157
\l__coffin_scaled_width_dim=\dimen158
)
(/usr/share/texlive/texmf-dist/tex/latex/l3kernel/l3pdfmode.def
File: l3pdfmode.def 2017/03/18 v L3 Experimental driver: PDF mode
\l__driver_color_stack_int=\count270
\l__driver_tmp_box=\box46
))
(/usr/share/texlive/texmf-dist/tex/latex/l3packages/l3keys2e/l3keys2e.sty
Package: l3keys2e 2017/05/29 LaTeX2e option processing using LaTeX3 keys
)
(/usr/share/texlive/texmf-dist/tex/latex/l3kernel/l3regex.sty
Package: l3regex 2017/03/18 Obsolete L3 package 

*****************************************************************
** 
** Package l3regex is obsolete and has been removed!
** 
** Its functionality is now only provided as part of the expl3 package.
** 
** The old packages will be removed entirely at the end of 2018.
** 
** Therefore, please replace '\usepackage{l3regex}'
** with '\usepackage{expl3}' in your documents as soon as possible.
** 
*******************************************************************

Package l3regex Warning: This package is obsolete --- use 'expl3' instead on in
put line 42.

) (/usr/share/texlive/texmf-dist/tex/latex/tools/calc.sty
Package: calc 2014/10/28 v4.3 Infix arithmetic (KKT,FJ)
\calc@Acount=\count271
\calc@Bcount=\count272
\calc@Adimen=\dimen159
\calc@Bdimen=\dimen160
\calc@Askip=\skip70
\calc@Bskip=\skip71
LaTeX Info: Redefining \setlength on input line 80.
LaTeX Info: Redefining \addtolength on input line 81.
\calc@Ccount=\count273
\calc@Cskip=\skip72
)
(/usr/share/texlive/texmf-dist/tex/latex/chemgreek/chemgreek.sty
(/usr/share/texlive/texmf-dist/tex/latex/l3packages/xparse/xparse.sty
Package: xparse 2017/05/29 L3 Experimental document command parser
\l__xparse_current_arg_int=\count274
\g__xparse_grabber_int=\count275
\l__xparse_m_args_int=\count276
\l__xparse_mandatory_args_int=\count277
\l__xparse_v_nesting_int=\count278
)
Package: chemgreek 2016/12/20 v1.1 interfaceforuprightgreeklettersforuseinchemi
stry (CN)
\l__chemgreek_tmpa_int=\count279
\g__chemgreek_tmpa_int=\count280
.................................................
. LaTeX info: "xparse/define-command"
. 
. Defining command \newchemgreekmapping with sig. 'O{}mm' on line 336.
.................................................
.................................................
. LaTeX info: "xparse/define-command"
. 
. Defining command \renewchemgreekmapping with sig. 'O{}mm' on line 339.
.................................................
.................................................
. LaTeX info: "xparse/define-command"
. 
. Defining command \declarechemgreekmapping with sig. 'O{}mm' on line 342.
.................................................
.................................................
. LaTeX info: "xparse/define-command"
. 
. Defining command \newchemgreekmappingalias with sig. 'mm' on line 347.
.................................................
.................................................
. LaTeX info: "xparse/define-command"
. 
. Defining command \renewchemgreekmappingalias with sig. 'mm' on line 350.
.................................................
.................................................
. LaTeX info: "xparse/define-command"
. 
. Defining command \declarechemgreekmappingalias with sig. 'mm' on line 353.
.................................................
.................................................
. LaTeX info: "xparse/define-command"
. 
. Defining command \changechemgreeksymbol with sig. 'mmmm' on line 383.
.................................................
.................................................
. LaTeX info: "xparse/define-command"
. 
. Defining command \chemgreekmappingsymbol with sig. 'mm' on line 477.
.................................................
.................................................
. LaTeX info: "xparse/define-command"
. 
. Defining command \activatechemgreekmapping with sig. 'sm' on line 486.
.................................................
.................................................
. LaTeX info: "xparse/define-command"
. 
. Defining command \selectchemgreekmapping with sig. 'm' on line 491.
.................................................
)
(/usr/share/texlive/texmf-dist/tex/latex/graphics/graphics.sty
Package: graphics 2017/06/13 v1.2b Standard LaTeX Graphics (DPC,SPQR)

(/usr/share/texlive/texmf-dist/tex/latex/graphics/trig.sty
Package: trig 2016/01/03 v1.10 sin cos tan (DPC)
)
(/usr/share/texlive/texmf-dist/tex/latex/graphics-cfg/graphics.cfg
File: graphics.cfg 2016/06/04 v1.11 sample graphics configuration
)
Package graphics Info: Driver file: pdftex.def on input line 99.

(/usr/share/texlive/texmf-dist/tex/latex/graphics-def/pdftex.def
File: pdftex.def 2017/06/17 v1.0e Graphics/color driver for pdftex
))
\l__mhchem_ce_distanceFromLastComma_int=\count281
\__mhchem_arrow_extPgfLength_skip=\skip73
\mhchem@minispace@tmp=\skip74
\mhchem@minibackspace@tmp=\skip75
\mhchem@bondwidth=\skip76
\mhchem@bondheight=\skip77
\mhchem@smallbondwidth@tmpA=\skip78
\mhchem@smallbondwidth@tmpB=\skip79
\mhchem@smallbondwidth=\skip80
\mhchem@bondtmp@minussidebearingleft=\skip81
\mhchem@bondtmp@minussidebearingright=\skip82
\l__mhchem_option_version_int=\count282
\mhchem@option@minusmathsidebearingleft=\dimen161
\mhchem@option@minusmathsidebearingright=\dimen162
\mhchem@option@minustextsidebearingleft=\dimen163
\mhchem@option@minustextsidebearingright=\dimen164


Package mhchem Warning: You did not specify a 'version' option for the mhchem
(mhchem)                package. Please write \usepackage[version=4]{mhchem}
(mhchem)                in your preamble (or any lower number for
(mhchem)                compatibility mode), because you might get slightly
(mhchem)                different output with the same input in future versions
.

)
\@input{template.aux}
\openout2 = `template.aux'.

(./template.tex (/usr/share/texlive/texmf-dist/tex/latex/jknapltx/mathrsfs.sty
Package: mathrsfs 1996/01/01 Math RSFS package v1.0 (jk)
\symrsfs=\mathgroup9
) (/usr/share/texlive/texmf-dist/tex/latex/graphics/color.sty
Package: color 2016/07/10 v1.1e Standard LaTeX Color (DPC)

(/usr/share/texlive/texmf-dist/tex/latex/graphics-cfg/color.cfg
File: color.cfg 2016/01/02 v1.6 sample color configuration
)
Package color Info: Driver file: pdftex.def on input line 147.
)
(/usr/share/texlive/texmf-dist/tex/generic/babel/babel.sty
Package: babel 2017/05/19 3.10 The Babel package

(/usr/share/texlive/texmf-dist/tex/generic/babel-slovenian/slovene.ldf
Language: slovene 2005/03/31 v1.2m Slovene support from the babel system

(/usr/share/texlive/texmf-dist/tex/generic/babel/babel.def
File: babel.def 2017/05/19 3.10 Babel common definitions
\babel@savecnt=\count283
\U@D=\dimen165
)
Package babel Info: Making " an active character on input line 79.
))
(/usr/share/texlive/texmf-dist/tex/latex/base/inputenc.sty
Package: inputenc 2015/03/17 v1.2c Input encoding file
\inpenc@prehook=\toks24
\inpenc@posthook=\toks25

(/usr/share/texlive/texmf-dist/tex/latex/base/utf8.def
File: utf8.def 2017/01/28 v1.1t UTF-8 support for inputenc
Now handling font encoding OML ...
... no UTF-8 mapping file for font encoding OML
Now handling font encoding T1 ...
... processing UTF-8 mapping file for font encoding T1

(/usr/share/texlive/texmf-dist/tex/latex/base/t1enc.dfu
File: t1enc.dfu 2017/01/28 v1.1t UTF-8 support for inputenc
   defining Unicode char U+00A0 (decimal 160)
   defining Unicode char U+00A1 (decimal 161)
   defining Unicode char U+00A3 (decimal 163)
   defining Unicode char U+00AB (decimal 171)
   defining Unicode char U+00AD (decimal 173)
   defining Unicode char U+00BB (decimal 187)
   defining Unicode char U+00BF (decimal 191)
   defining Unicode char U+00C0 (decimal 192)
   defining Unicode char U+00C1 (decimal 193)
   defining Unicode char U+00C2 (decimal 194)
   defining Unicode char U+00C3 (decimal 195)
   defining Unicode char U+00C4 (decimal 196)
   defining Unicode char U+00C5 (decimal 197)
   defining Unicode char U+00C6 (decimal 198)
   defining Unicode char U+00C7 (decimal 199)
   defining Unicode char U+00C8 (decimal 200)
   defining Unicode char U+00C9 (decimal 201)
   defining Unicode char U+00CA (decimal 202)
   defining Unicode char U+00CB (decimal 203)
   defining Unicode char U+00CC (decimal 204)
   defining Unicode char U+00CD (decimal 205)
   defining Unicode char U+00CE (decimal 206)
   defining Unicode char U+00CF (decimal 207)
   defining Unicode char U+00D0 (decimal 208)
   defining Unicode char U+00D1 (decimal 209)
   defining Unicode char U+00D2 (decimal 210)
   defining Unicode char U+00D3 (decimal 211)
   defining Unicode char U+00D4 (decimal 212)
   defining Unicode char U+00D5 (decimal 213)
   defining Unicode char U+00D6 (decimal 214)
   defining Unicode char U+00D8 (decimal 216)
   defining Unicode char U+00D9 (decimal 217)
   defining Unicode char U+00DA (decimal 218)
   defining Unicode char U+00DB (decimal 219)
   defining Unicode char U+00DC (decimal 220)
   defining Unicode char U+00DD (decimal 221)
   defining Unicode char U+00DE (decimal 222)
   defining Unicode char U+00DF (decimal 223)
   defining Unicode char U+00E0 (decimal 224)
   defining Unicode char U+00E1 (decimal 225)
   defining Unicode char U+00E2 (decimal 226)
   defining Unicode char U+00E3 (decimal 227)
   defining Unicode char U+00E4 (decimal 228)
   defining Unicode char U+00E5 (decimal 229)
   defining Unicode char U+00E6 (decimal 230)
   defining Unicode char U+00E7 (decimal 231)
   defining Unicode char U+00E8 (decimal 232)
   defining Unicode char U+00E9 (decimal 233)
   defining Unicode char U+00EA (decimal 234)
   defining Unicode char U+00EB (decimal 235)
   defining Unicode char U+00EC (decimal 236)
   defining Unicode char U+00ED (decimal 237)
   defining Unicode char U+00EE (decimal 238)
   defining Unicode char U+00EF (decimal 239)
   defining Unicode char U+00F0 (decimal 240)
   defining Unicode char U+00F1 (decimal 241)
   defining Unicode char U+00F2 (decimal 242)
   defining Unicode char U+00F3 (decimal 243)
   defining Unicode char U+00F4 (decimal 244)
   defining Unicode char U+00F5 (decimal 245)
   defining Unicode char U+00F6 (decimal 246)
   defining Unicode char U+00F8 (decimal 248)
   defining Unicode char U+00F9 (decimal 249)
   defining Unicode char U+00FA (decimal 250)
   defining Unicode char U+00FB (decimal 251)
   defining Unicode char U+00FC (decimal 252)
   defining Unicode char U+00FD (decimal 253)
   defining Unicode char U+00FE (decimal 254)
   defining Unicode char U+00FF (decimal 255)
   defining Unicode char U+0100 (decimal 256)
   defining Unicode char U+0101 (decimal 257)
   defining Unicode char U+0102 (decimal 258)
   defining Unicode char U+0103 (decimal 259)
   defining Unicode char U+0104 (decimal 260)
   defining Unicode char U+0105 (decimal 261)
   defining Unicode char U+0106 (decimal 262)
   defining Unicode char U+0107 (decimal 263)
   defining Unicode char U+0108 (decimal 264)
   defining Unicode char U+0109 (decimal 265)
   defining Unicode char U+010A (decimal 266)
   defining Unicode char U+010B (decimal 267)
   defining Unicode char U+010C (decimal 268)
   defining Unicode char U+010D (decimal 269)
   defining Unicode char U+010E (decimal 270)
   defining Unicode char U+010F (decimal 271)
   defining Unicode char U+0110 (decimal 272)
   defining Unicode char U+0111 (decimal 273)
   defining Unicode char U+0112 (decimal 274)
   defining Unicode char U+0113 (decimal 275)
   defining Unicode char U+0114 (decimal 276)
   defining Unicode char U+0115 (decimal 277)
   defining Unicode char U+0116 (decimal 278)
   defining Unicode char U+0117 (decimal 279)
   defining Unicode char U+0118 (decimal 280)
   defining Unicode char U+0119 (decimal 281)
   defining Unicode char U+011A (decimal 282)
   defining Unicode char U+011B (decimal 283)
   defining Unicode char U+011C (decimal 284)
   defining Unicode char U+011D (decimal 285)
   defining Unicode char U+011E (decimal 286)
   defining Unicode char U+011F (decimal 287)
   defining Unicode char U+0120 (decimal 288)
   defining Unicode char U+0121 (decimal 289)
   defining Unicode char U+0122 (decimal 290)
   defining Unicode char U+0123 (decimal 291)
   defining Unicode char U+0124 (decimal 292)
   defining Unicode char U+0125 (decimal 293)
   defining Unicode char U+0128 (decimal 296)
   defining Unicode char U+0129 (decimal 297)
   defining Unicode char U+012A (decimal 298)
   defining Unicode char U+012B (decimal 299)
   defining Unicode char U+012C (decimal 300)
   defining Unicode char U+012D (decimal 301)
   defining Unicode char U+012E (decimal 302)
   defining Unicode char U+012F (decimal 303)
   defining Unicode char U+0130 (decimal 304)
   defining Unicode char U+0131 (decimal 305)
   defining Unicode char U+0132 (decimal 306)
   defining Unicode char U+0133 (decimal 307)
   defining Unicode char U+0134 (decimal 308)
   defining Unicode char U+0135 (decimal 309)
   defining Unicode char U+0136 (decimal 310)
   defining Unicode char U+0137 (decimal 311)
   defining Unicode char U+0139 (decimal 313)
   defining Unicode char U+013A (decimal 314)
   defining Unicode char U+013B (decimal 315)
   defining Unicode char U+013C (decimal 316)
   defining Unicode char U+013D (decimal 317)
   defining Unicode char U+013E (decimal 318)
   defining Unicode char U+0141 (decimal 321)
   defining Unicode char U+0142 (decimal 322)
   defining Unicode char U+0143 (decimal 323)
   defining Unicode char U+0144 (decimal 324)
   defining Unicode char U+0145 (decimal 325)
   defining Unicode char U+0146 (decimal 326)
   defining Unicode char U+0147 (decimal 327)
   defining Unicode char U+0148 (decimal 328)
   defining Unicode char U+014A (decimal 330)
   defining Unicode char U+014B (decimal 331)
   defining Unicode char U+014C (decimal 332)
   defining Unicode char U+014D (decimal 333)
   defining Unicode char U+014E (decimal 334)
   defining Unicode char U+014F (decimal 335)
   defining Unicode char U+0150 (decimal 336)
   defining Unicode char U+0151 (decimal 337)
   defining Unicode char U+0152 (decimal 338)
   defining Unicode char U+0153 (decimal 339)
   defining Unicode char U+0154 (decimal 340)
   defining Unicode char U+0155 (decimal 341)
   defining Unicode char U+0156 (decimal 342)
   defining Unicode char U+0157 (decimal 343)
   defining Unicode char U+0158 (decimal 344)
   defining Unicode char U+0159 (decimal 345)
   defining Unicode char U+015A (decimal 346)
   defining Unicode char U+015B (decimal 347)
   defining Unicode char U+015C (decimal 348)
   defining Unicode char U+015D (decimal 349)
   defining Unicode char U+015E (decimal 350)
   defining Unicode char U+015F (decimal 351)
   defining Unicode char U+0160 (decimal 352)
   defining Unicode char U+0161 (decimal 353)
   defining Unicode char U+0162 (decimal 354)
   defining Unicode char U+0163 (decimal 355)
   defining Unicode char U+0164 (decimal 356)
   defining Unicode char U+0165 (decimal 357)
   defining Unicode char U+0168 (decimal 360)
   defining Unicode char U+0169 (decimal 361)
   defining Unicode char U+016A (decimal 362)
   defining Unicode char U+016B (decimal 363)
   defining Unicode char U+016C (decimal 364)
   defining Unicode char U+016D (decimal 365)
   defining Unicode char U+016E (decimal 366)
   defining Unicode char U+016F (decimal 367)
   defining Unicode char U+0170 (decimal 368)
   defining Unicode char U+0171 (decimal 369)
   defining Unicode char U+0172 (decimal 370)
   defining Unicode char U+0173 (decimal 371)
   defining Unicode char U+0174 (decimal 372)
   defining Unicode char U+0175 (decimal 373)
   defining Unicode char U+0176 (decimal 374)
   defining Unicode char U+0177 (decimal 375)
   defining Unicode char U+0178 (decimal 376)
   defining Unicode char U+0179 (decimal 377)
   defining Unicode char U+017A (decimal 378)
   defining Unicode char U+017B (decimal 379)
   defining Unicode char U+017C (decimal 380)
   defining Unicode char U+017D (decimal 381)
   defining Unicode char U+017E (decimal 382)
   defining Unicode char U+01CD (decimal 461)
   defining Unicode char U+01CE (decimal 462)
   defining Unicode char U+01CF (decimal 463)
   defining Unicode char U+01D0 (decimal 464)
   defining Unicode char U+01D1 (decimal 465)
   defining Unicode char U+01D2 (decimal 466)
   defining Unicode char U+01D3 (decimal 467)
   defining Unicode char U+01D4 (decimal 468)
   defining Unicode char U+01E2 (decimal 482)
   defining Unicode char U+01E3 (decimal 483)
   defining Unicode char U+01E6 (decimal 486)
   defining Unicode char U+01E7 (decimal 487)
   defining Unicode char U+01E8 (decimal 488)
   defining Unicode char U+01E9 (decimal 489)
   defining Unicode char U+01EA (decimal 490)
   defining Unicode char U+01EB (decimal 491)
   defining Unicode char U+01F0 (decimal 496)
   defining Unicode char U+01F4 (decimal 500)
   defining Unicode char U+01F5 (decimal 501)
   defining Unicode char U+0218 (decimal 536)
   defining Unicode char U+0219 (decimal 537)
   defining Unicode char U+021A (decimal 538)
   defining Unicode char U+021B (decimal 539)
   defining Unicode char U+0232 (decimal 562)
   defining Unicode char U+0233 (decimal 563)
   defining Unicode char U+1E02 (decimal 7682)
   defining Unicode char U+1E03 (decimal 7683)
   defining Unicode char U+200C (decimal 8204)
   defining Unicode char U+2010 (decimal 8208)
   defining Unicode char U+2011 (decimal 8209)
   defining Unicode char U+2012 (decimal 8210)
   defining Unicode char U+2013 (decimal 8211)
   defining Unicode char U+2014 (decimal 8212)
   defining Unicode char U+2015 (decimal 8213)
   defining Unicode char U+2018 (decimal 8216)
   defining Unicode char U+2019 (decimal 8217)
   defining Unicode char U+201A (decimal 8218)
   defining Unicode char U+201C (decimal 8220)
   defining Unicode char U+201D (decimal 8221)
   defining Unicode char U+201E (decimal 8222)
   defining Unicode char U+2030 (decimal 8240)
   defining Unicode char U+2031 (decimal 8241)
   defining Unicode char U+2039 (decimal 8249)
   defining Unicode char U+203A (decimal 8250)
   defining Unicode char U+2423 (decimal 9251)
   defining Unicode char U+1E20 (decimal 7712)
   defining Unicode char U+1E21 (decimal 7713)
)
Now handling font encoding OT1 ...
... processing UTF-8 mapping file for font encoding OT1

(/usr/share/texlive/texmf-dist/tex/latex/base/ot1enc.dfu
File: ot1enc.dfu 2017/01/28 v1.1t UTF-8 support for inputenc
   defining Unicode char U+00A0 (decimal 160)
   defining Unicode char U+00A1 (decimal 161)
   defining Unicode char U+00A3 (decimal 163)
   defining Unicode char U+00AD (decimal 173)
   defining Unicode char U+00B8 (decimal 184)
   defining Unicode char U+00BF (decimal 191)
   defining Unicode char U+00C5 (decimal 197)
   defining Unicode char U+00C6 (decimal 198)
   defining Unicode char U+00D8 (decimal 216)
   defining Unicode char U+00DF (decimal 223)
   defining Unicode char U+00E6 (decimal 230)
   defining Unicode char U+00EC (decimal 236)
   defining Unicode char U+00ED (decimal 237)
   defining Unicode char U+00EE (decimal 238)
   defining Unicode char U+00EF (decimal 239)
   defining Unicode char U+00F8 (decimal 248)
   defining Unicode char U+0131 (decimal 305)
   defining Unicode char U+0141 (decimal 321)
   defining Unicode char U+0142 (decimal 322)
   defining Unicode char U+0152 (decimal 338)
   defining Unicode char U+0153 (decimal 339)
   defining Unicode char U+0174 (decimal 372)
   defining Unicode char U+0175 (decimal 373)
   defining Unicode char U+0176 (decimal 374)
   defining Unicode char U+0177 (decimal 375)
   defining Unicode char U+0218 (decimal 536)
   defining Unicode char U+0219 (decimal 537)
   defining Unicode char U+021A (decimal 538)
   defining Unicode char U+021B (decimal 539)
   defining Unicode char U+2013 (decimal 8211)
   defining Unicode char U+2014 (decimal 8212)
   defining Unicode char U+2018 (decimal 8216)
   defining Unicode char U+2019 (decimal 8217)
   defining Unicode char U+201C (decimal 8220)
   defining Unicode char U+201D (decimal 8221)
)
Now handling font encoding OMS ...
... processing UTF-8 mapping file for font encoding OMS

(/usr/share/texlive/texmf-dist/tex/latex/base/omsenc.dfu
File: omsenc.dfu 2017/01/28 v1.1t UTF-8 support for inputenc
   defining Unicode char U+00A7 (decimal 167)
   defining Unicode char U+00B6 (decimal 182)
   defining Unicode char U+00B7 (decimal 183)
   defining Unicode char U+2020 (decimal 8224)
   defining Unicode char U+2021 (decimal 8225)
   defining Unicode char U+2022 (decimal 8226)
)
Now handling font encoding OMX ...
... no UTF-8 mapping file for font encoding OMX
Now handling font encoding U ...
... no UTF-8 mapping file for font encoding U
Now handling font encoding PD1 ...
... no UTF-8 mapping file for font encoding PD1
   defining Unicode char U+00A9 (decimal 169)
   defining Unicode char U+00AA (decimal 170)
   defining Unicode char U+00AE (decimal 174)
   defining Unicode char U+00BA (decimal 186)
   defining Unicode char U+02C6 (decimal 710)
   defining Unicode char U+02DC (decimal 732)
   defining Unicode char U+200C (decimal 8204)
   defining Unicode char U+2026 (decimal 8230)
   defining Unicode char U+2122 (decimal 8482)
   defining Unicode char U+2423 (decimal 9251)
)))
(/usr/share/texlive/texmf-dist/tex/latex/base/fontenc.sty
Package: fontenc 2017/04/05 v2.0i Standard LaTeX package

(/usr/share/texlive/texmf-dist/tex/latex/base/t1enc.def
File: t1enc.def 2017/04/05 v2.0i Standard LaTeX file
LaTeX Font Info:    Redeclaring font encoding T1 on input line 48.
))
(/usr/share/texlive/texmf-dist/tex/latex/graphics/graphicx.sty
Package: graphicx 2017/06/01 v1.1a Enhanced LaTeX Graphics (DPC,SPQR)
\Gin@req@height=\dimen166
\Gin@req@width=\dimen167
)
(/usr/share/texlive/texmf-dist/tex/latex/fancyhdr/fancyhdr.sty
Package: fancyhdr 2016/10/11 v3.9 Extensive control of page headers and footers

\f@nch@headwidth=\skip83
\f@nch@O@elh=\skip84
\f@nch@O@erh=\skip85
\f@nch@O@olh=\skip86
\f@nch@O@orh=\skip87
\f@nch@O@elf=\skip88
\f@nch@O@erf=\skip89
\f@nch@O@olf=\skip90
\f@nch@O@orf=\skip91
)
(/usr/share/texlive/texmf-dist/tex/latex/natbib/natbib.sty
Package: natbib 2010/09/13 8.31b (PWD, AO)
\bibhang=\skip92
\bibsep=\skip93
LaTeX Info: Redefining \cite on input line 694.
\c@NAT@ctr=\count284
)
(/usr/share/texlive/texmf-dist/tex/latex/xmpincl/xmpincl.sty
Package: xmpincl 2008/05/10 v2.2 Include XMP data in pdflatex
)
(/usr/share/texlive/texmf-dist/tex/latex/geometry/geometry.sty
Package: geometry 2010/09/12 v5.6 Page Geometry
\Gm@cnth=\count285
\Gm@cntv=\count286
\c@Gm@tempcnt=\count287
\Gm@bindingoffset=\dimen168
\Gm@wd@mp=\dimen169
\Gm@odd@mp=\dimen170
\Gm@even@mp=\dimen171
\Gm@layoutwidth=\dimen172
\Gm@layoutheight=\dimen173
\Gm@layouthoffset=\dimen174
\Gm@layoutvoffset=\dimen175
\Gm@dimlist=\toks26
)
(/usr/share/texlive/texmf-dist/tex/latex/appendix/appendix.sty
Package: appendix 2009/09/02 v1.2b extra appendix facilities
\c@@pps=\count288
\c@@ppsavesec=\count289
\c@@ppsaveapp=\count290
)
(/usr/share/texlive/texmf-dist/tex/latex/oberdiek/epstopdf.sty
Package: epstopdf 2016/05/15 v2.6 Conversion with epstopdf on the fly (HO)

(/usr/share/texlive/texmf-dist/tex/latex/oberdiek/epstopdf-base.sty
Package: epstopdf-base 2016/05/15 v2.6 Base part for package epstopdf

(/usr/share/texlive/texmf-dist/tex/latex/oberdiek/grfext.sty
Package: grfext 2016/05/16 v1.2 Manage graphics extensions (HO)
)
Package epstopdf-base Info: Redefining graphics rule for `.eps' on input line 4
38.
Package grfext Info: Graphics extension search list:
(grfext)             [.pdf,.png,.jpg,.mps,.jpeg,.jbig2,.jb2,.PDF,.PNG,.JPG,.JPE
G,.JBIG2,.JB2,.eps]
(grfext)             \AppendGraphicsExtensions on input line 456.

(/usr/share/texlive/texmf-dist/tex/latex/latexconfig/epstopdf-sys.cfg
File: epstopdf-sys.cfg 2010/07/13 v1.3 Configuration of (r)epstopdf for TeX Liv
e
)))
(/usr/share/texlive/texmf-dist/tex/latex/base/makeidx.sty
Package: makeidx 2014/09/29 v1.0m Standard LaTeX package
)
\@indexfile=\write3
\openout3 = `FMF_Magistrsko_delo_Jan_Suntajs.idx'.


Writing index file FMF_Magistrsko_delo_Jan_Suntajs.idx

LaTeX Warning: Unused global option(s):
    [longbibliography].

(./FMF_Magistrsko_delo_Jan_Suntajs.aux)
\openout1 = `FMF_Magistrsko_delo_Jan_Suntajs.aux'.

LaTeX Font Info:    Checking defaults for OML/cmm/m/it on input line 98.
LaTeX Font Info:    ... okay on input line 98.
LaTeX Font Info:    Checking defaults for T1/cmr/m/n on input line 98.
LaTeX Font Info:    ... okay on input line 98.
LaTeX Font Info:    Checking defaults for OT1/cmr/m/n on input line 98.
LaTeX Font Info:    ... okay on input line 98.
LaTeX Font Info:    Checking defaults for OMS/cmsy/m/n on input line 98.
LaTeX Font Info:    ... okay on input line 98.
LaTeX Font Info:    Checking defaults for OMX/cmex/m/n on input line 98.
LaTeX Font Info:    ... okay on input line 98.
LaTeX Font Info:    Checking defaults for U/cmr/m/n on input line 98.
LaTeX Font Info:    ... okay on input line 98.
LaTeX Font Info:    Checking defaults for PD1/pdf/m/n on input line 98.
LaTeX Font Info:    ... okay on input line 98.
LaTeX Font Info:    Try loading font information for T1+lmr on input line 98.
 (/usr/share/texmf/tex/latex/lm/t1lmr.fd
File: t1lmr.fd 2009/10/30 v1.6 Font defs for Latin Modern
)
Package caption Info: Begin \AtBeginDocument code.
Package caption Info: floatrow package is loaded.
Package caption Info: End \AtBeginDocument code.
\AtBeginShipoutBox=\box47
Package hyperref Info: Link coloring OFF on input line 98.
 (/usr/share/texlive/texmf-dist/tex/latex/hyperref/nameref.sty
Package: nameref 2016/05/21 v2.44 Cross-referencing by name of section

(/usr/share/texlive/texmf-dist/tex/generic/oberdiek/gettitlestring.sty
Package: gettitlestring 2016/05/16 v1.5 Cleanup title references (HO)
)
\c@section@level=\count291
)
LaTeX Info: Redefining \ref on input line 98.
LaTeX Info: Redefining \pageref on input line 98.
LaTeX Info: Redefining \nameref on input line 98.

(./FMF_Magistrsko_delo_Jan_Suntajs.out) (./FMF_Magistrsko_delo_Jan_Suntajs.out)
\@outlinefile=\write4
\openout4 = `FMF_Magistrsko_delo_Jan_Suntajs.out'.

.................................................
. chemgreek info: "mapping-activated"
. 
. Activating mapping `default' on line 98.
.................................................
(/usr/share/texlive/texmf-dist/tex/context/base/mkii/supp-pdf.mkii
[Loading MPS to PDF converter (version 2006.09.02).]
\scratchcounter=\count292
\scratchdimen=\dimen176
\scratchbox=\box48
\nofMPsegments=\count293
\nofMParguments=\count294
\everyMPshowfont=\toks27
\MPscratchCnt=\count295
\MPscratchDim=\dimen177
\MPnumerator=\count296
\makeMPintoPDFobject=\count297
\everyMPtoPDFconversion=\toks28
)
*geometry* detected driver: pdftex
*geometry* verbose mode - [ preamble ] result:
* driver: pdftex
* paper: a4paper
* layout: <same size as paper>
* layoutoffset:(h,v)=(0.0pt,0.0pt)
* modes: twoside 
* h-part:(L,W,R)=(99.58464pt, 426.79135pt, 71.13188pt)
* v-part:(T,H,B)=(71.13188pt, 702.78308pt, 71.13188pt)
* \paperwidth=597.50787pt
* \paperheight=845.04684pt
* \textwidth=426.79135pt
* \textheight=702.78308pt
* \oddsidemargin=27.31465pt
* \evensidemargin=-1.1381pt
* \topmargin=-33.0119pt
* \headheight=12.0pt
* \headsep=19.8738pt
* \topskip=12.0pt
* \footskip=30.0pt
* \marginparwidth=88.0pt
* \marginparsep=7.0pt
* \columnsep=10.0pt
* \skip\footins=10.8pt plus 4.0pt minus 2.0pt
* \hoffset=0.0pt
* \voffset=0.0pt
* \mag=1000
* \@twocolumnfalse
* \@twosidetrue
* \@mparswitchtrue
* \@reversemarginfalse
* (1in=72.27pt=25.4mm, 1cm=28.453pt)

LaTeX Font Info:    Try loading font information for OT1+lmr on input line 118.

(/usr/share/texmf/tex/latex/lm/ot1lmr.fd
File: ot1lmr.fd 2009/10/30 v1.6 Font defs for Latin Modern
)
LaTeX Font Info:    Try loading font information for OML+lmm on input line 118.


(/usr/share/texmf/tex/latex/lm/omllmm.fd
File: omllmm.fd 2009/10/30 v1.6 Font defs for Latin Modern
)
LaTeX Font Info:    Try loading font information for OMS+lmsy on input line 118
.

(/usr/share/texmf/tex/latex/lm/omslmsy.fd
File: omslmsy.fd 2009/10/30 v1.6 Font defs for Latin Modern
)
LaTeX Font Info:    Try loading font information for OMX+lmex on input line 118
.

(/usr/share/texmf/tex/latex/lm/omxlmex.fd
File: omxlmex.fd 2009/10/30 v1.6 Font defs for Latin Modern
)
LaTeX Font Info:    External font `lmex10' loaded for size
(Font)              <17.28> on input line 118.
LaTeX Font Info:    External font `lmex10' loaded for size
(Font)              <12> on input line 118.
LaTeX Font Info:    External font `lmex10' loaded for size
(Font)              <10> on input line 118.
LaTeX Font Info:    Try loading font information for U+msa on input line 118.

(/usr/share/texlive/texmf-dist/tex/latex/amsfonts/umsa.fd
File: umsa.fd 2013/01/14 v3.01 AMS symbols A
)
LaTeX Font Info:    Try loading font information for U+msb on input line 118.

(/usr/share/texlive/texmf-dist/tex/latex/amsfonts/umsb.fd
File: umsb.fd 2013/01/14 v3.01 AMS symbols B
)
LaTeX Font Info:    Try loading font information for U+rsfs on input line 118.

(/usr/share/texlive/texmf-dist/tex/latex/jknapltx/ursfs.fd
File: ursfs.fd 1998/03/24 rsfs font definition file (jk)
) [1



{/var/lib/texmf/fonts/map/pdftex/updmap/pdftex.map}] [2

] [3] [4

] [5] [6

]
(./FMF_Magistrsko_delo_Jan_Suntajs.toc
LaTeX Font Info:    External font `lmex10' loaded for size
(Font)              <8> on input line 4.
LaTeX Font Info:    External font `lmex10' loaded for size
(Font)              <6> on input line 4.
)
\tf@toc=\write5
\openout5 = `FMF_Magistrsko_delo_Jan_Suntajs.toc'.

 [7] [8

]
Poglavje 1.

Underfull \hbox (badness 10000) in paragraph at lines 206--253

 []


Underfull \hbox (badness 10000) in paragraph at lines 206--253

 []


Underfull \hbox (badness 10000) in paragraph at lines 206--253

 []


Underfull \hbox (badness 10000) in paragraph at lines 206--253

 []


Underfull \vbox (badness 10000) has occurred while \output is active []

 [9

]
Underfull \vbox (badness 10000) has occurred while \output is active []



Package Fancyhdr Warning: \headheight is too small (12.0pt): 
 Make it at least 14.49998pt.
 We now make it that large for the rest of the document.
 This may cause the page layout to be inconsistent, however.

[10]

Package Fancyhdr Warning: \headheight is too small (12.0pt): 
 Make it at least 14.49998pt.
 We now make it that large for the rest of the document.
 This may cause the page layout to be inconsistent, however.

[11]

Package Fancyhdr Warning: \headheight is too small (12.0pt): 
 Make it at least 14.49998pt.
 We now make it that large for the rest of the document.
 This may cause the page layout to be inconsistent, however.

[12

]
Poglavje 2.

Package hyperref Warning: Composite letter `\textasciicaron+c'
(hyperref)                not defined in PD1 encoding,
(hyperref)                removing `\textasciicaron' on input line 270.


Package hyperref Warning: Composite letter `\textasciicaron+c'
(hyperref)                not defined in PD1 encoding,
(hyperref)                removing `\textasciicaron' on input line 270.

<diff_loc_ext_mod.pdf, id=259, pagebox=cropbox, 578.16pt x 216.81pt>
File: diff_loc_ext_mod.pdf Graphic file (type pdf)
<use diff_loc_ext_mod.pdf>
Package pdftex.def Info: diff_loc_ext_mod.pdf  used on input line 282. on input
 line 282.
Package pdftex.def Info: Requested size: 170.28844pt x 63.85583pt on input line
 282.
LaTeX Font Info:    External font `lmex10' loaded for size
(Font)              <10.95> on input line 284.

Underfull \hbox (badness 10000) in paragraph at lines 273--291

 []


Underfull \hbox (badness 10000) in paragraph at lines 273--291

 []


Underfull \vbox (badness 10000) has occurred while \output is active []

 [13]

Package Fancyhdr Warning: \headheight is too small (12.0pt): 
 Make it at least 14.49998pt.
 We now make it that large for the rest of the document.
 This may cause the page layout to be inconsistent, however.

[14 <./diff_loc_ext_mod.pdf>]

Package hyperref Warning: Composite letter `\textasciicaron+c'
(hyperref)                not defined in PD1 encoding,
(hyperref)                removing `\textasciicaron' on input line 293.

<interference.jpg, id=288, 424.9476pt x 258.0039pt>
File: interference.jpg Graphic file (type jpg)
<use interference.jpg>
Package pdftex.def Info: interference.jpg  used on input line 307. on input lin
e 307.
Package pdftex.def Info: Requested size: 157.48633pt x 95.61742pt on input line
 307.

Underfull \hbox (badness 10000) in paragraph at lines 294--314

 []


Underfull \vbox (badness 1082) has occurred while \output is active []



Package Fancyhdr Warning: \headheight is too small (12.0pt): 
 Make it at least 14.49998pt.
 We now make it that large for the rest of the document.
 This may cause the page layout to be inconsistent, however.

[15 <./interference.jpg>]
Underfull \hbox (badness 10000) in paragraph at lines 319--322

 []


Underfull \hbox (badness 10000) in paragraph at lines 319--322

 []

<beta_diagram.png, id=306, 916.42375pt x 677.53125pt>
File: beta_diagram.png Graphic file (type png)
<use beta_diagram.png>
Package pdftex.def Info: beta_diagram.png  used on input line 339. on input lin
e 339.
Package pdftex.def Info: Requested size: 146.81427pt x 108.54161pt on input lin
e 339.

Underfull \hbox (badness 10000) in paragraph at lines 324--345

 []


Underfull \hbox (badness 10000) in paragraph at lines 324--345

 []


Package Fancyhdr Warning: \headheight is too small (12.0pt): 
 Make it at least 14.49998pt.
 We now make it that large for the rest of the document.
 This may cause the page layout to be inconsistent, however.

[16]
Underfull \hbox (badness 5288) in paragraph at lines 352--354
\T1/lmr/m/n/12 na-kljuno iz-biro po-ten-ci-al-nih ener-gij in
 []


Underfull \hbox (badness 2142) in paragraph at lines 352--354
\T1/lmr/m/n/12 po-lo-a-jev $[][]$, kjer vre-dno-sti re-bamo v
 []


Underfull \hbox (badness 10000) in paragraph at lines 352--354

 []


Underfull \hbox (badness 10000) in paragraph at lines 352--354

 []

<disorder_scheme.pdf, id=316, pagebox=cropbox, 1011.78pt x 1011.78pt>
File: disorder_scheme.pdf Graphic file (type pdf)
<use disorder_scheme.pdf>
Package pdftex.def Info: disorder_scheme.pdf  used on input line 358. on input 
line 358.
Package pdftex.def Info: Requested size: 146.81427pt x 146.80469pt on input lin
e 358.

Underfull \hbox (badness 10000) in paragraph at lines 346--364

 []


Underfull \vbox (badness 10000) has occurred while \output is active []



Package Fancyhdr Warning: \headheight is too small (12.0pt): 
 Make it at least 14.49998pt.
 We now make it that large for the rest of the document.
 This may cause the page layout to be inconsistent, however.

[17 <./beta_diagram.png (PNG copy)>]
Underfull \hbox (badness 10000) in paragraph at lines 366--369

 []


Underfull \hbox (badness 2435) in paragraph at lines 378--381
[]\T1/lmr/m/n/12 V An-der-so-no-vem mo-delu lahko de-lec na
 []


Underfull \hbox (badness 1237) in paragraph at lines 378--381
\T1/lmr/m/n/12 ure-jeni mrei skae med so-se-dnjimi me-sti
 []


Underfull \hbox (badness 6445) in paragraph at lines 378--381
\T1/lmr/m/n/12 z na-kljuno po-raz-de-lje-nimi po-ten-ci-al-nimi
 []


Underfull \hbox (badness 10000) in paragraph at lines 378--381

 []


Underfull \hbox (badness 10000) in paragraph at lines 378--381
\T1/lmr/m/n/12 Ob od-so-tno-sti ne-reda je An-der-so-nova
 []


Underfull \hbox (badness 10000) in paragraph at lines 378--381

 []


Underfull \hbox (badness 1845) in paragraph at lines 378--381
\T1/lmr/m/n/12 V li-miti zelo mo-nega ne-reda, kjer ve-li-
 []


Underfull \hbox (badness 3148) in paragraph at lines 378--381
\T1/lmr/m/n/12 kost pa-ra-me-tra ne-reda $\OML/lmm/m/it/12 W$ \T1/lmr/m/n/12 pr
i-mer-jamo s
 []

<hopping_picture_50years.jpg, id=334, 631.6398pt x 570.2103pt>
File: hopping_picture_50years.jpg Graphic file (type jpg)
<use hopping_picture_50years.jpg>
Package pdftex.def Info: hopping_picture_50years.jpg  used on input line 385. o
n input line 385.
Package pdftex.def Info: Requested size: 153.64148pt x 138.69781pt on input lin
e 385.
<bands.png, id=337, 1255.69125pt x 860.21375pt>
File: bands.png Graphic file (type png)
<use bands.png>
Package pdftex.def Info: bands.png  used on input line 391. on input line 391.
Package pdftex.def Info: Requested size: 170.71393pt x 116.93764pt on input lin
e 391.

Underfull \hbox (badness 10000) in paragraph at lines 375--398

 []


Underfull \hbox (badness 10000) in paragraph at lines 375--398

 []


Underfull \hbox (badness 10000) in paragraph at lines 375--398

 []


Package Fancyhdr Warning: \headheight is too small (12.0pt): 
 Make it at least 14.49998pt.
 We now make it that large for the rest of the document.
 This may cause the page layout to be inconsistent, however.

[18 <./disorder_scheme.pdf>]
<mobility_edge_DOS_modified.pdf, id=352, pagebox=cropbox, 867.24pt x 433.62pt>
File: mobility_edge_DOS_modified.pdf Graphic file (type pdf)
<use mobility_edge_DOS_modified.pdf>
Package pdftex.def Info: mobility_edge_DOS_modified.pdf  used on input line 439
. on input line 439.
Package pdftex.def Info: Requested size: 170.28844pt x 85.14111pt on input line
 439.

Underfull \vbox (badness 10000) has occurred while \output is active []



Package Fancyhdr Warning: \headheight is too small (12.0pt): 
 Make it at least 14.49998pt.
 We now make it that large for the rest of the document.
 This may cause the page layout to be inconsistent, however.

[19 <./hopping_picture_50years.jpg> <./bands.png (PNG copy)>]
Underfull \hbox (badness 3525) in paragraph at lines 460--460
[]\T1/lmr/m/n/10.95 Slika 2.8: |Pri-
 []


Underfull \hbox (badness 10000) in paragraph at lines 460--460
\T1/lmr/m/n/10.95 mer a-sov-nega
 []


Underfull \hbox (badness 6641) in paragraph at lines 460--460
\T1/lmr/m/n/10.95 tem $\OML/lmm/m/it/10.95 t$ \T1/lmr/m/n/10.95 ozna-uje
 []


Underfull \hbox (badness 10000) in paragraph at lines 460--460
\T1/lmr/m/n/10.95 eno-di-men-zi-o-nalni
 []

<1D_Anderson_localization_Seminar_scaling_analysis_D1_shape_1000_light_cone_dou
ble_presentation.pdf, id=363, pagebox=cropbox, 2168.1pt x 1011.78pt>
File: 1D_Anderson_localization_Seminar_scaling_analysis_D1_shape_1000_light_con
e_double_presentation.pdf Graphic file (type pdf)
<use 1D_Anderson_localization_Seminar_scaling_analysis_D1_shape_1000_light_cone
_double_presentation.pdf>
Package pdftex.def Info: 1D_Anderson_localization_Seminar_scaling_analysis_D1_s
hape_1000_light_cone_double_presentation.pdf  used on input line 460. on input 
line 460.
Package pdftex.def Info: Requested size: 341.43437pt x 159.32532pt on input lin
e 460.

Underfull \hbox (badness 3525) in paragraph at lines 460--460
[]\T1/lmr/m/n/10.95 Slika 2.8: |Pri-
 []


Underfull \hbox (badness 10000) in paragraph at lines 460--460
\T1/lmr/m/n/10.95 mer a-sov-nega
 []


Underfull \hbox (badness 6641) in paragraph at lines 460--460
\T1/lmr/m/n/10.95 tem $\OML/lmm/m/it/10.95 t$ \T1/lmr/m/n/10.95 ozna-uje
 []


Underfull \hbox (badness 10000) in paragraph at lines 460--460
\T1/lmr/m/n/10.95 eno-di-men-zi-o-nalni
 []

File: 1D_Anderson_localization_Seminar_scaling_analysis_D1_shape_1000_light_con
e_double_presentation.pdf Graphic file (type pdf)
<use 1D_Anderson_localization_Seminar_scaling_analysis_D1_shape_1000_light_cone
_double_presentation.pdf>
Package pdftex.def Info: 1D_Anderson_localization_Seminar_scaling_analysis_D1_s
hape_1000_light_cone_double_presentation.pdf  used on input line 460. on input 
line 460.
Package pdftex.def Info: Requested size: 341.43437pt x 159.32532pt on input lin
e 460.

Underfull \hbox (badness 3525) in paragraph at lines 460--460
[]\T1/lmr/m/n/10.95 Slika 2.8: |Pri-
 []


Underfull \hbox (badness 10000) in paragraph at lines 460--460
\T1/lmr/m/n/10.95 mer a-sov-nega
 []


Underfull \hbox (badness 6641) in paragraph at lines 460--460
\T1/lmr/m/n/10.95 tem $\OML/lmm/m/it/10.95 t$ \T1/lmr/m/n/10.95 ozna-uje
 []


Underfull \hbox (badness 10000) in paragraph at lines 460--460
\T1/lmr/m/n/10.95 eno-di-men-zi-o-nalni
 []

File: 1D_Anderson_localization_Seminar_scaling_analysis_D1_shape_1000_light_con
e_double_presentation.pdf Graphic file (type pdf)
<use 1D_Anderson_localization_Seminar_scaling_analysis_D1_shape_1000_light_cone
_double_presentation.pdf>
Package pdftex.def Info: 1D_Anderson_localization_Seminar_scaling_analysis_D1_s
hape_1000_light_cone_double_presentation.pdf  used on input line 460. on input 
line 460.
Package pdftex.def Info: Requested size: 341.43437pt x 159.32532pt on input lin
e 460.

Overfull \hbox (10.00128pt too wide) detected at line 460
 [] 
 []


Underfull \hbox (badness 10000) in paragraph at lines 454--461

 []


Underfull \vbox (badness 10000) has occurred while \output is active []



Package Fancyhdr Warning: \headheight is too small (12.0pt): 
 Make it at least 14.49998pt.
 We now make it that large for the rest of the document.
 This may cause the page layout to be inconsistent, however.

[20 <./mobility_edge_DOS_modified.pdf>]

Package hyperref Warning: Composite letter `\textasciicaron+c'
(hyperref)                not defined in PD1 encoding,
(hyperref)                removing `\textasciicaron' on input line 462.


Underfull \hbox (badness 10000) in paragraph at lines 463--470

 []


Underfull \hbox (badness 10000) in paragraph at lines 463--470

 []


Underfull \hbox (badness 10000) in paragraph at lines 463--470

 []


Package Fancyhdr Warning: \headheight is too small (12.0pt): 
 Make it at least 14.49998pt.
 We now make it that large for the rest of the document.
 This may cause the page layout to be inconsistent, however.

[21 <./1D_Anderson_localization_Seminar_scaling_analysis_D1_shape_1000_light_co
ne_double_presentation.pdf>]
Underfull \hbox (badness 7888) in paragraph at lines 472--475
\T1/lmr/m/n/12 V tem pod-po-glavju na-ve-demo
 []


Underfull \hbox (badness 7151) in paragraph at lines 472--475
\T1/lmr/m/n/12 osnovne kon-cepte, ki do-lo-ajo
 []


Underfull \hbox (badness 2245) in paragraph at lines 472--475
\T1/lmr/m/n/12 raz-pravi imamo vse-lej v mi-slih
 []


Underfull \hbox (badness 1755) in paragraph at lines 472--475
\T1/lmr/m/n/12 a-sovno ne-od-vi-sne ha-mil-tonke z
 []


Underfull \hbox (badness 10000) in paragraph at lines 472--475

 []


Underfull \hbox (badness 3601) in paragraph at lines 472--475
\T1/lmr/m/n/12 Poljubno sta-nje za-pr-tega kvan-
 []

<nandkishore_huse_reservoir.pdf, id=482, pagebox=cropbox, 953.5625pt x 225.8437
5pt>
File: nandkishore_huse_reservoir.pdf Graphic file (type pdf)
<use nandkishore_huse_reservoir.pdf>
Package pdftex.def Info: nandkishore_huse_reservoir.pdf  used on input line 479
. on input line 479.
Package pdftex.def Info: Requested size: 204.21964pt x 75.3247pt on input line 
479.

Underfull \vbox (badness 10000) has occurred while \output is active []



Package Fancyhdr Warning: \headheight is too small (12.0pt): 
 Make it at least 14.49998pt.
 We now make it that large for the rest of the document.
 This may cause the page layout to be inconsistent, however.

[22]

Package Fancyhdr Warning: \headheight is too small (12.0pt): 
 Make it at least 14.49998pt.
 We now make it that large for the rest of the document.
 This may cause the page layout to be inconsistent, however.

[23 <./nandkishore_huse_reservoir.pdf>]
Underfull \hbox (badness 10000) in paragraph at lines 522--529

 []


Underfull \hbox (badness 10000) in paragraph at lines 522--529

 []


Underfull \hbox (badness 10000) in paragraph at lines 553--555

 []


Package Fancyhdr Warning: \headheight is too small (12.0pt): 
 Make it at least 14.49998pt.
 We now make it that large for the rest of the document.
 This may cause the page layout to be inconsistent, however.

[24]
Overfull \hbox (0.13148pt too wide) in paragraph at lines 564--567
\T1/lmr/m/n/12 smo za-pi-sali \T1/lmr/m/it/12 hi-po-tezo ter-ma-li-za-cije la-s
tnih stanj \T1/lmr/m/n/12 (ang. \T1/lmr/m/it/12 ei-gen-state ther-ma-li-za-tion
 hypo-
 []


Underfull \hbox (badness 10000) in paragraph at lines 564--567

 []


Package hyperref Warning: Composite letter `\textasciicaron+c'
(hyperref)                not defined in PD1 encoding,
(hyperref)                removing `\textasciicaron' on input line 567.


Underfull \hbox (badness 1122) in paragraph at lines 571--575
\T1/lmr/m/n/12 sis-temi je raz-vi-dna ne-po-sre-dno iz
 []

<abanin_thermalization_scheme.pdf, id=532, pagebox=cropbox, 877.2775pt x 297.11
pt>
File: abanin_thermalization_scheme.pdf Graphic file (type pdf)
<use abanin_thermalization_scheme.pdf>
Package pdftex.def Info: abanin_thermalization_scheme.pdf  used on input line 5
79. on input line 579.
Package pdftex.def Info: Requested size: 214.88824pt x 72.77672pt on input line
 579.
<unfolding_demo_three_slo.pdf, id=542, pagebox=cropbox, 1734.48pt x 505.89pt>
File: unfolding_demo_three_slo.pdf Graphic file (type pdf)
<use unfolding_demo_three_slo.pdf>
Package pdftex.def Info: unfolding_demo_three_slo.pdf  used on input line 591. 
on input line 591.
Package pdftex.def Info: Requested size: 426.79135pt x 112.13132pt on input lin
e 591.

Underfull \hbox (badness 10000) in paragraph at lines 568--595

 []


Underfull \hbox (badness 10000) in paragraph at lines 568--595

 []


Underfull \hbox (badness 10000) in paragraph at lines 568--595

 []


Package Fancyhdr Warning: \headheight is too small (12.0pt): 
 Make it at least 14.49998pt.
 We now make it that large for the rest of the document.
 This may cause the page layout to be inconsistent, however.

[25]
Underfull \vbox (badness 10000) has occurred while \output is active []



Package Fancyhdr Warning: \headheight is too small (12.0pt): 
 Make it at least 14.49998pt.
 We now make it that large for the rest of the document.
 This may cause the page layout to be inconsistent, however.

[26 <./abanin_thermalization_scheme.pdf>]
File: nandkishore_huse_reservoir.pdf Graphic file (type pdf)
<use nandkishore_huse_reservoir.pdf>
Package pdftex.def Info: nandkishore_huse_reservoir.pdf  used on input line 612
. on input line 612.
Package pdftex.def Info: Requested size: 118.82076pt x 92.18988pt on input line
 612.

Underfull \hbox (badness 10000) in paragraph at lines 596--625

 []


Package Fancyhdr Warning: \headheight is too small (12.0pt): 
 Make it at least 14.49998pt.
 We now make it that large for the rest of the document.
 This may cause the page layout to be inconsistent, however.

[27 <./unfolding_demo_three_slo.pdf>]

Package Fancyhdr Warning: \headheight is too small (12.0pt): 
 Make it at least 14.49998pt.
 We now make it that large for the rest of the document.
 This may cause the page layout to be inconsistent, however.

[28

]
Poglavje 3.

Underfull \hbox (badness 10000) in paragraph at lines 644--645

 []


Underfull \hbox (badness 10000) in paragraph at lines 647--651

 []


Underfull \hbox (badness 10000) in paragraph at lines 647--651

 []

[29]
<scheme_XXZ_t_V.pdf, id=636, pagebox=cropbox, 540.54547pt x 281.82455pt>
File: scheme_XXZ_t_V.pdf Graphic file (type pdf)
<use scheme_XXZ_t_V.pdf>
Package pdftex.def Info: scheme_XXZ_t_V.pdf  used on input line 663. on input l
ine 663.
Package pdftex.def Info: Requested size: 213.39568pt x 111.25711pt on input lin
e 663.
File: scheme_XXZ_t_V.pdf Graphic file (type pdf)
<use scheme_XXZ_t_V.pdf>
Package pdftex.def Info: scheme_XXZ_t_V.pdf  used on input line 663. on input l
ine 663.
Package pdftex.def Info: Requested size: 213.39568pt x 111.25711pt on input lin
e 663.
File: scheme_XXZ_t_V.pdf Graphic file (type pdf)
<use scheme_XXZ_t_V.pdf>
Package pdftex.def Info: scheme_XXZ_t_V.pdf  used on input line 663. on input l
ine 663.
Package pdftex.def Info: Requested size: 213.39568pt x 111.25711pt on input lin
e 663.

Underfull \hbox (badness 10000) in paragraph at lines 657--664

 []


Underfull \vbox (badness 10000) has occurred while \output is active []



Package Fancyhdr Warning: \headheight is too small (12.0pt): 
 Make it at least 14.49998pt.
 We now make it that large for the rest of the document.
 This may cause the page layout to be inconsistent, however.

[30]
Underfull \hbox (badness 10000) in paragraph at lines 671--672

 []


Underfull \hbox (badness 10000) in paragraph at lines 671--672

 []


Underfull \hbox (badness 10000) in paragraph at lines 676--679

 []


Package Fancyhdr Warning: \headheight is too small (12.0pt): 
 Make it at least 14.49998pt.
 We now make it that large for the rest of the document.
 This may cause the page layout to be inconsistent, however.

[31 <./scheme_XXZ_t_V.pdf>]
Underfull \hbox (badness 10000) in paragraph at lines 681--684

 []

LaTeX Font Info:    External font `lmex10' loaded for size
(Font)              <14.4> on input line 688.
LaTeX Font Info:    External font `lmex10' loaded for size
(Font)              <7> on input line 688.

Package hyperref Warning: Token not allowed in a PDF string (PDFDocEncoding):
(hyperref)                removing `math shift' on input line 688.


Package hyperref Warning: Token not allowed in a PDF string (PDFDocEncoding):
(hyperref)                removing `math shift' on input line 688.


Package hyperref Warning: Token not allowed in a PDF string (PDFDocEncoding):
(hyperref)                removing `math shift' on input line 688.


Package hyperref Warning: Token not allowed in a PDF string (PDFDocEncoding):
(hyperref)                removing `math shift' on input line 688.


Underfull \hbox (badness 10000) in paragraph at lines 704--713

 []


Underfull \hbox (badness 10000) in paragraph at lines 704--713

 []


Underfull \hbox (badness 10000) in paragraph at lines 704--713

 []


Package Fancyhdr Warning: \headheight is too small (12.0pt): 
 Make it at least 14.49998pt.
 We now make it that large for the rest of the document.
 This may cause the page layout to be inconsistent, however.

[32]
<tJ_scheme.pdf, id=687, pagebox=cropbox, 845.1575pt x 361.35pt>
File: tJ_scheme.pdf Graphic file (type pdf)
<use tJ_scheme.pdf>
Package pdftex.def Info: tJ_scheme.pdf  used on input line 719. on input line 7
19.
Package pdftex.def Info: Requested size: 264.60855pt x 113.13663pt on input lin
e 719.
File: tJ_scheme.pdf Graphic file (type pdf)
<use tJ_scheme.pdf>
Package pdftex.def Info: tJ_scheme.pdf  used on input line 719. on input line 7
19.
Package pdftex.def Info: Requested size: 264.60855pt x 113.13663pt on input lin
e 719.
File: tJ_scheme.pdf Graphic file (type pdf)
<use tJ_scheme.pdf>
Package pdftex.def Info: tJ_scheme.pdf  used on input line 719. on input line 7
19.
Package pdftex.def Info: Requested size: 264.60855pt x 113.13663pt on input lin
e 719.
<prob_dist.pdf, id=688, pagebox=cropbox, 867.24pt x 433.62pt>
File: prob_dist.pdf Graphic file (type pdf)
<use prob_dist.pdf>
Package pdftex.def Info: prob_dist.pdf  used on input line 724. on input line 7
24.
Package pdftex.def Info: Requested size: 264.60855pt x 132.30353pt on input lin
e 724.
File: prob_dist.pdf Graphic file (type pdf)
<use prob_dist.pdf>
Package pdftex.def Info: prob_dist.pdf  used on input line 724. on input line 7
24.
Package pdftex.def Info: Requested size: 264.60855pt x 132.30353pt on input lin
e 724.
File: prob_dist.pdf Graphic file (type pdf)
<use prob_dist.pdf>
Package pdftex.def Info: prob_dist.pdf  used on input line 724. on input line 7
24.
Package pdftex.def Info: Requested size: 264.60855pt x 132.30353pt on input lin
e 724.
<tJ_num_states.pdf, id=689, pagebox=cropbox, 1156.32pt x 650.43pt>
File: tJ_num_states.pdf Graphic file (type pdf)
<use tJ_num_states.pdf>
Package pdftex.def Info: tJ_num_states.pdf  used on input line 728. on input li
ne 728.
Package pdftex.def Info: Requested size: 341.43437pt x 192.05383pt on input lin
e 728.


Package Fancyhdr Warning: \headheight is too small (12.0pt): 
 Make it at least 14.49998pt.
 We now make it that large for the rest of the document.
 This may cause the page layout to be inconsistent, however.

[33 <./tJ_scheme.pdf>]

Package hyperref Warning: Composite letter `\textasciicaron+c'
(hyperref)                not defined in PD1 encoding,
(hyperref)                removing `\textasciicaron' on input line 734.

LaTeX Font Info:    Try loading font information for T1+lmtt on input line 736.

(/usr/share/texmf/tex/latex/lm/t1lmtt.fd
File: t1lmtt.fd 2009/10/30 v1.6 Font defs for Latin Modern
)
<Eigenstates_spin_hole_disorder_13_1_6.pdf, id=851, pagebox=cropbox, 1156.32pt 
x 505.89pt>
File: Eigenstates_spin_hole_disorder_13_1_6.pdf Graphic file (type pdf)
<use Eigenstates_spin_hole_disorder_13_1_6.pdf>
Package pdftex.def Info: Eigenstates_spin_hole_disorder_13_1_6.pdf  used on inp
ut line 739. on input line 739.
Package pdftex.def Info: Requested size: 426.79135pt x 186.72092pt on input lin
e 739.
<DOS_spin_hole_disorder_13_1_6.pdf, id=854, pagebox=cropbox, 1156.32pt x 505.89
pt>
File: DOS_spin_hole_disorder_13_1_6.pdf Graphic file (type pdf)
<use DOS_spin_hole_disorder_13_1_6.pdf>
Package pdftex.def Info: DOS_spin_hole_disorder_13_1_6.pdf  used on input line 
745. on input line 745.
Package pdftex.def Info: Requested size: 384.1096pt x 168.04807pt on input line
 745.

Underfull \vbox (badness 10000) has occurred while \output is active []



Package Fancyhdr Warning: \headheight is too small (12.0pt): 
 Make it at least 14.49998pt.
 We now make it that large for the rest of the document.
 This may cause the page layout to be inconsistent, however.

[34 <./prob_dist.pdf> <./tJ_num_states.pdf

pdfTeX warning: pdflatex (file ./tJ_num_states.pdf): PDF inclusion: multiple pd
fs with page group included in a single page
>]
<Eigenstates_spin_hole_disorder_12_4_4.pdf, id=903, pagebox=cropbox, 1156.32pt 
x 505.89pt>
File: Eigenstates_spin_hole_disorder_12_4_4.pdf Graphic file (type pdf)
<use Eigenstates_spin_hole_disorder_12_4_4.pdf>
Package pdftex.def Info: Eigenstates_spin_hole_disorder_12_4_4.pdf  used on inp
ut line 751. on input line 751.
Package pdftex.def Info: Requested size: 426.79135pt x 186.72092pt on input lin
e 751.
<DOS_spin_hole_disorder_12_4_4.pdf, id=904, pagebox=cropbox, 1156.32pt x 505.89
pt>
File: DOS_spin_hole_disorder_12_4_4.pdf Graphic file (type pdf)
<use DOS_spin_hole_disorder_12_4_4.pdf>
Package pdftex.def Info: DOS_spin_hole_disorder_12_4_4.pdf  used on input line 
757. on input line 757.
Package pdftex.def Info: Requested size: 426.79135pt x 186.72092pt on input lin
e 757.


Package Fancyhdr Warning: \headheight is too small (12.0pt): 
 Make it at least 14.49998pt.
 We now make it that large for the rest of the document.
 This may cause the page layout to be inconsistent, however.

[35 <./Eigenstates_spin_hole_disorder_13_1_6.pdf> <./DOS_spin_hole_disorder_13_
1_6.pdf

pdfTeX warning: pdflatex (file ./DOS_spin_hole_disorder_13_1_6.pdf): PDF inclus
ion: multiple pdfs with page group included in a single page
>]

Package Fancyhdr Warning: \headheight is too small (12.0pt): 
 Make it at least 14.49998pt.
 We now make it that large for the rest of the document.
 This may cause the page layout to be inconsistent, however.

[36 <./Eigenstates_spin_hole_disorder_12_4_4.pdf> <./DOS_spin_hole_disorder_12_
4_4.pdf

pdfTeX warning: pdflatex (file ./DOS_spin_hole_disorder_12_4_4.pdf): PDF inclus
ion: multiple pdfs with page group included in a single page
>]
Poglavje 4.

Package hyperref Warning: Composite letter `\textasciicaron+c'
(hyperref)                not defined in PD1 encoding,
(hyperref)                removing `\textasciicaron' on input line 762.


Underfull \hbox (badness 10000) in paragraph at lines 765--768

 []


Underfull \hbox (badness 10000) in paragraph at lines 765--768

 []


Underfull \hbox (badness 10000) in paragraph at lines 770--774

 []

[37

]
Overfull \hbox (11.21812pt too wide) detected at line 796
\OML/lmm/m/it/12 P\OT1/lmr/m/n/12 (\OML/lmm/m/it/12 s\OT1/lmr/m/n/12 ) = [] [] 
 d\OML/lmm/m/it/12 "[] []  \OT1/lmr/m/n/12 d\OML/lmm/m/it/12 "[] []  \OT1/lmr/m
/n/12 d\OML/lmm/m/it/12 V^^N [] [] []
 []


Underfull \hbox (badness 10000) in paragraph at lines 808--811

 []


Package Fancyhdr Warning: \headheight is too small (12.0pt): 
 Make it at least 14.49998pt.
 We now make it that large for the rest of the document.
 This may cause the page layout to be inconsistent, however.

[38]
Underfull \hbox (badness 10000) in paragraph at lines 813--815

 []


Underfull \hbox (badness 10000) in paragraph at lines 816--818

 []


Package Fancyhdr Warning: \headheight is too small (12.0pt): 
 Make it at least 14.49998pt.
 We now make it that large for the rest of the document.
 This may cause the page layout to be inconsistent, however.

[39]
Underfull \hbox (badness 10000) in paragraph at lines 828--832

 []


Underfull \hbox (badness 10000) in paragraph at lines 828--832

 []


Package hyperref Warning: Token not allowed in a PDF string (PDFDocEncoding):
(hyperref)                removing `math shift' on input line 832.


Package hyperref Warning: Token not allowed in a PDF string (PDFDocEncoding):
(hyperref)                removing `math shift' on input line 832.

File: unfolding_demo_three_slo.pdf Graphic file (type pdf)
<use unfolding_demo_three_slo.pdf>
Package pdftex.def Info: unfolding_demo_three_slo.pdf  used on input line 844. 
on input line 844.
Package pdftex.def Info: Requested size: 426.79135pt x 124.4806pt on input line
 844.
<unfolding_demo_three_error_slo.pdf, id=998, pagebox=cropbox, 1734.48pt x 505.8
9pt>
File: unfolding_demo_three_error_slo.pdf Graphic file (type pdf)
<use unfolding_demo_three_error_slo.pdf>
Package pdftex.def Info: unfolding_demo_three_error_slo.pdf  used on input line
 850. on input line 850.
Package pdftex.def Info: Requested size: 426.79135pt x 124.4806pt on input line
 850.

Underfull \vbox (badness 10000) has occurred while \output is active []



Package Fancyhdr Warning: \headheight is too small (12.0pt): 
 Make it at least 14.49998pt.
 We now make it that large for the rest of the document.
 This may cause the page layout to be inconsistent, however.

[40]
Underfull \hbox (badness 10000) in paragraph at lines 857--859

 []


Package Fancyhdr Warning: \headheight is too small (12.0pt): 
 Make it at least 14.49998pt.
 We now make it that large for the rest of the document.
 This may cause the page layout to be inconsistent, however.

[41 <./unfolding_demo_three_error_slo.pdf>]
<unfolding_schematics.pdf, id=1043, pagebox=cropbox, 578.16pt x 505.89pt>
File: unfolding_schematics.pdf Graphic file (type pdf)
<use unfolding_schematics.pdf>
Package pdftex.def Info: unfolding_schematics.pdf  used on input line 871. on i
nput line 871.
Package pdftex.def Info: Requested size: 234.73654pt x 205.39378pt on input lin
e 871.
File: unfolding_schematics.pdf Graphic file (type pdf)
<use unfolding_schematics.pdf>
Package pdftex.def Info: unfolding_schematics.pdf  used on input line 871. on i
nput line 871.
Package pdftex.def Info: Requested size: 234.73654pt x 205.39378pt on input lin
e 871.
File: unfolding_schematics.pdf Graphic file (type pdf)
<use unfolding_schematics.pdf>
Package pdftex.def Info: unfolding_schematics.pdf  used on input line 871. on i
nput line 871.
Package pdftex.def Info: Requested size: 234.73654pt x 205.39378pt on input lin
e 871.

Overfull \hbox (2.88809pt too wide) detected at line 871
 [] 
 []


Package Fancyhdr Warning: \headheight is too small (12.0pt): 
 Make it at least 14.49998pt.
 We now make it that large for the rest of the document.
 This may cause the page layout to be inconsistent, however.

[42 <./unfolding_schematics.pdf>]
Underfull \hbox (badness 2245) in paragraph at lines 883--883
\T1/lmr/m/n/10.95 va-nju pa-ra-me-trov $\OML/lmm/m/it/10.95 W[]$ \T1/lmr/m/n/10
.95 in
 []


Underfull \hbox (badness 1852) in paragraph at lines 883--883
\T1/lmr/m/n/10.95 Z rdeo in ze-leno pre-mico
 []

<hole_spin_disorder_sym_break_13_1_6_slo.pdf, id=1068, pagebox=cropbox, 462.527
98pt x 346.89601pt>
File: hole_spin_disorder_sym_break_13_1_6_slo.pdf Graphic file (type pdf)
<use hole_spin_disorder_sym_break_13_1_6_slo.pdf>
Package pdftex.def Info: hole_spin_disorder_sym_break_13_1_6_slo.pdf  used on i
nput line 883. on input line 883.
Package pdftex.def Info: Requested size: 298.75264pt x 224.07703pt on input lin
e 883.

Underfull \hbox (badness 2245) in paragraph at lines 883--883
\T1/lmr/m/n/10.95 va-nju pa-ra-me-trov $\OML/lmm/m/it/10.95 W[]$ \T1/lmr/m/n/10
.95 in
 []


Underfull \hbox (badness 1852) in paragraph at lines 883--883
\T1/lmr/m/n/10.95 Z rdeo in ze-leno pre-mico
 []

File: hole_spin_disorder_sym_break_13_1_6_slo.pdf Graphic file (type pdf)
<use hole_spin_disorder_sym_break_13_1_6_slo.pdf>
Package pdftex.def Info: hole_spin_disorder_sym_break_13_1_6_slo.pdf  used on i
nput line 883. on input line 883.
Package pdftex.def Info: Requested size: 298.75264pt x 224.07703pt on input lin
e 883.

Underfull \hbox (badness 2245) in paragraph at lines 883--883
\T1/lmr/m/n/10.95 va-nju pa-ra-me-trov $\OML/lmm/m/it/10.95 W[]$ \T1/lmr/m/n/10
.95 in
 []


Underfull \hbox (badness 1852) in paragraph at lines 883--883
\T1/lmr/m/n/10.95 Z rdeo in ze-leno pre-mico
 []

File: hole_spin_disorder_sym_break_13_1_6_slo.pdf Graphic file (type pdf)
<use hole_spin_disorder_sym_break_13_1_6_slo.pdf>
Package pdftex.def Info: hole_spin_disorder_sym_break_13_1_6_slo.pdf  used on i
nput line 883. on input line 883.
Package pdftex.def Info: Requested size: 298.75264pt x 224.07703pt on input lin
e 883.

Overfull \hbox (24.22507pt too wide) detected at line 883
 [] 
 []

<double_plot_disorder_sym_break_13_1_6_slo.pdf, id=1073, pagebox=cropbox, 1156.
32pt x 505.89pt>
File: double_plot_disorder_sym_break_13_1_6_slo.pdf Graphic file (type pdf)
<use double_plot_disorder_sym_break_13_1_6_slo.pdf>
Package pdftex.def Info: double_plot_disorder_sym_break_13_1_6_slo.pdf  used on
 input line 892. on input line 892.
Package pdftex.def Info: Requested size: 426.79135pt x 186.72092pt on input lin
e 892.
<double_plot_disorder_sym_break_12_4_4_slo.pdf, id=1074, pagebox=cropbox, 1156.
32pt x 505.89pt>
File: double_plot_disorder_sym_break_12_4_4_slo.pdf Graphic file (type pdf)
<use double_plot_disorder_sym_break_12_4_4_slo.pdf>
Package pdftex.def Info: double_plot_disorder_sym_break_12_4_4_slo.pdf  used on
 input line 898. on input line 898.
Package pdftex.def Info: Requested size: 426.79135pt x 186.72092pt on input lin
e 898.

Underfull \vbox (badness 10000) has occurred while \output is active []



Package Fancyhdr Warning: \headheight is too small (12.0pt): 
 Make it at least 14.49998pt.
 We now make it that large for the rest of the document.
 This may cause the page layout to be inconsistent, however.

[43 <./hole_spin_disorder_sym_break_13_1_6_slo.pdf>]
Underfull \hbox (badness 2042) in paragraph at lines 905--905
\T1/lmr/m/n/10.95 nem spin-skem ne-redu opa-
 []

<r_density_11_1_5.pdf, id=1132, pagebox=cropbox, 578.16pt x 505.89pt>
File: r_density_11_1_5.pdf Graphic file (type pdf)
<use r_density_11_1_5.pdf>
Package pdftex.def Info: r_density_11_1_5.pdf  used on input line 905. on input
 line 905.
Package pdftex.def Info: Requested size: 256.07741pt x 224.06665pt on input lin
e 905.

Underfull \hbox (badness 2042) in paragraph at lines 905--905
\T1/lmr/m/n/10.95 nem spin-skem ne-redu opa-
 []

File: r_density_11_1_5.pdf Graphic file (type pdf)
<use r_density_11_1_5.pdf>
Package pdftex.def Info: r_density_11_1_5.pdf  used on input line 905. on input
 line 905.
Package pdftex.def Info: Requested size: 256.07741pt x 224.06665pt on input lin
e 905.

Underfull \hbox (badness 2042) in paragraph at lines 905--905
\T1/lmr/m/n/10.95 nem spin-skem ne-redu opa-
 []

File: r_density_11_1_5.pdf Graphic file (type pdf)
<use r_density_11_1_5.pdf>
Package pdftex.def Info: r_density_11_1_5.pdf  used on input line 905. on input
 line 905.
Package pdftex.def Info: Requested size: 256.07741pt x 224.06665pt on input lin
e 905.

Underfull \hbox (badness 1360) in paragraph at lines 910--910
\T1/lmr/m/n/10.95 storu pa-ra-me-trov $\OML/lmm/m/it/10.95 H$ \T1/lmr/m/n/10.95
 in $\OML/lmm/m/it/10.95 W$
 []


Underfull \hbox (badness 1077) in paragraph at lines 910--910
\T1/lmr/m/n/10.95 klju-nih re-a-li-za-ci-jah ne-reda,
 []

<r_density_9_3_3.pdf, id=1133, pagebox=cropbox, 578.16pt x 505.89pt>
File: r_density_9_3_3.pdf Graphic file (type pdf)
<use r_density_9_3_3.pdf>
Package pdftex.def Info: r_density_9_3_3.pdf  used on input line 910. on input 
line 910.
Package pdftex.def Info: Requested size: 256.07741pt x 224.06665pt on input lin
e 910.

Underfull \hbox (badness 1360) in paragraph at lines 910--910
\T1/lmr/m/n/10.95 storu pa-ra-me-trov $\OML/lmm/m/it/10.95 H$ \T1/lmr/m/n/10.95
 in $\OML/lmm/m/it/10.95 W$
 []


Underfull \hbox (badness 1077) in paragraph at lines 910--910
\T1/lmr/m/n/10.95 klju-nih re-a-li-za-ci-jah ne-reda,
 []

File: r_density_9_3_3.pdf Graphic file (type pdf)
<use r_density_9_3_3.pdf>
Package pdftex.def Info: r_density_9_3_3.pdf  used on input line 910. on input 
line 910.
Package pdftex.def Info: Requested size: 256.07741pt x 224.06665pt on input lin
e 910.

Underfull \hbox (badness 1360) in paragraph at lines 910--910
\T1/lmr/m/n/10.95 storu pa-ra-me-trov $\OML/lmm/m/it/10.95 H$ \T1/lmr/m/n/10.95
 in $\OML/lmm/m/it/10.95 W$
 []


Underfull \hbox (badness 1077) in paragraph at lines 910--910
\T1/lmr/m/n/10.95 klju-nih re-a-li-za-ci-jah ne-reda,
 []

File: r_density_9_3_3.pdf Graphic file (type pdf)
<use r_density_9_3_3.pdf>
Package pdftex.def Info: r_density_9_3_3.pdf  used on input line 910. on input 
line 910.
Package pdftex.def Info: Requested size: 256.07741pt x 224.06665pt on input lin
e 910.

Underfull \vbox (badness 10000) has occurred while \output is active []



Package Fancyhdr Warning: \headheight is too small (12.0pt): 
 Make it at least 14.49998pt.
 We now make it that large for the rest of the document.
 This may cause the page layout to be inconsistent, however.

[44 <./double_plot_disorder_sym_break_13_1_6_slo.pdf> <./double_plot_disorder_s
ym_break_12_4_4_slo.pdf

pdfTeX warning: pdflatex (file ./double_plot_disorder_sym_break_12_4_4_slo.pdf)
: PDF inclusion: multiple pdfs with page group included in a single page
>]
<W_sweep_sff_disorder_13_1_6.pdf, id=1180, pagebox=cropbox, 1156.32pt x 505.89p
t>
File: W_sweep_sff_disorder_13_1_6.pdf Graphic file (type pdf)
<use W_sweep_sff_disorder_13_1_6.pdf>
Package pdftex.def Info: W_sweep_sff_disorder_13_1_6.pdf  used on input line 91
6. on input line 916.
Package pdftex.def Info: Requested size: 426.79135pt x 186.72092pt on input lin
e 916.
<H_sweep_sff_disorder_13_1_6.pdf, id=1181, pagebox=cropbox, 1156.32pt x 505.89p
t>
File: H_sweep_sff_disorder_13_1_6.pdf Graphic file (type pdf)
<use H_sweep_sff_disorder_13_1_6.pdf>
Package pdftex.def Info: H_sweep_sff_disorder_13_1_6.pdf  used on input line 92
2. on input line 922.
Package pdftex.def Info: Requested size: 426.79135pt x 186.72092pt on input lin
e 922.

Underfull \vbox (badness 10000) has occurred while \output is active []



Package Fancyhdr Warning: \headheight is too small (12.0pt): 
 Make it at least 14.49998pt.
 We now make it that large for the rest of the document.
 This may cause the page layout to be inconsistent, however.

[45 <./r_density_11_1_5.pdf> <./r_density_9_3_3.pdf

pdfTeX warning: pdflatex (file ./r_density_9_3_3.pdf): PDF inclusion: multiple 
pdfs with page group included in a single page
>]
<W_sweep_sff_disorder_12_4_4.pdf, id=1215, pagebox=cropbox, 1156.32pt x 505.89p
t>
File: W_sweep_sff_disorder_12_4_4.pdf Graphic file (type pdf)
<use W_sweep_sff_disorder_12_4_4.pdf>
Package pdftex.def Info: W_sweep_sff_disorder_12_4_4.pdf  used on input line 92
9. on input line 929.
Package pdftex.def Info: Requested size: 426.79135pt x 186.72092pt on input lin
e 929.

Underfull \vbox (badness 10000) has occurred while \output is active []



Package Fancyhdr Warning: \headheight is too small (12.0pt): 
 Make it at least 14.49998pt.
 We now make it that large for the rest of the document.
 This may cause the page layout to be inconsistent, however.

[46 <./W_sweep_sff_disorder_13_1_6.pdf> <./H_sweep_sff_disorder_13_1_6.pdf

pdfTeX warning: pdflatex (file ./H_sweep_sff_disorder_13_1_6.pdf): PDF inclusio
n: multiple pdfs with page group included in a single page
>]
<H_sweep_sff_disorder_12_4_4.pdf, id=1249, pagebox=cropbox, 1156.32pt x 505.89p
t>
File: H_sweep_sff_disorder_12_4_4.pdf Graphic file (type pdf)
<use H_sweep_sff_disorder_12_4_4.pdf>
Package pdftex.def Info: H_sweep_sff_disorder_12_4_4.pdf  used on input line 93
6. on input line 936.
Package pdftex.def Info: Requested size: 426.79135pt x 186.72092pt on input lin
e 936.


Package Fancyhdr Warning: \headheight is too small (12.0pt): 
 Make it at least 14.49998pt.
 We now make it that large for the rest of the document.
 This may cause the page layout to be inconsistent, however.

[47 <./W_sweep_sff_disorder_12_4_4.pdf> <./H_sweep_sff_disorder_12_4_4.pdf

pdfTeX warning: pdflatex (file ./H_sweep_sff_disorder_12_4_4.pdf): PDF inclusio
n: multiple pdfs with page group included in a single page
>]

Package Fancyhdr Warning: \headheight is too small (12.0pt): 
 Make it at least 14.49998pt.
 We now make it that large for the rest of the document.
 This may cause the page layout to be inconsistent, however.

[48

]
Poglavje 5.
<W_sweep_ent_entropy_density_plot_11_1_5_cuts.pdf, id=1288, pagebox=cropbox, 11
56.32pt x 505.89pt>
File: W_sweep_ent_entropy_density_plot_11_1_5_cuts.pdf Graphic file (type pdf)
<use W_sweep_ent_entropy_density_plot_11_1_5_cuts.pdf>
Package pdftex.def Info: W_sweep_ent_entropy_density_plot_11_1_5_cuts.pdf  used
 on input line 946. on input line 946.
Package pdftex.def Info: Requested size: 426.79135pt x 186.72092pt on input lin
e 946.
<H_sweep_ent_entropy_density_plot_11_1_5.pdf, id=1289, pagebox=cropbox, 578.16p
t x 505.89pt>
File: H_sweep_ent_entropy_density_plot_11_1_5.pdf Graphic file (type pdf)
<use H_sweep_ent_entropy_density_plot_11_1_5.pdf>
Package pdftex.def Info: H_sweep_ent_entropy_density_plot_11_1_5.pdf  used on i
nput line 954. on input line 954.
Package pdftex.def Info: Requested size: 277.41176pt x 242.7318pt on input line
 954.
File: H_sweep_ent_entropy_density_plot_11_1_5.pdf Graphic file (type pdf)
<use H_sweep_ent_entropy_density_plot_11_1_5.pdf>
Package pdftex.def Info: H_sweep_ent_entropy_density_plot_11_1_5.pdf  used on i
nput line 954. on input line 954.
Package pdftex.def Info: Requested size: 277.41176pt x 242.7318pt on input line
 954.
File: H_sweep_ent_entropy_density_plot_11_1_5.pdf Graphic file (type pdf)
<use H_sweep_ent_entropy_density_plot_11_1_5.pdf>
Package pdftex.def Info: H_sweep_ent_entropy_density_plot_11_1_5.pdf  used on i
nput line 954. on input line 954.
Package pdftex.def Info: Requested size: 277.41176pt x 242.7318pt on input line
 954.
<W_sweep_ent_entropy_density_plot_9_3_3_cuts.pdf, id=1290, pagebox=cropbox, 115
6.32pt x 505.89pt>
File: W_sweep_ent_entropy_density_plot_9_3_3_cuts.pdf Graphic file (type pdf)
<use W_sweep_ent_entropy_density_plot_9_3_3_cuts.pdf>
Package pdftex.def Info: W_sweep_ent_entropy_density_plot_9_3_3_cuts.pdf  used 
on input line 959. on input line 959.
Package pdftex.def Info: Requested size: 426.79135pt x 186.72092pt on input lin
e 959.
<H_sweep_ent_entropy_density_plot_9_3_3.pdf, id=1291, pagebox=cropbox, 578.16pt
 x 505.89pt>
File: H_sweep_ent_entropy_density_plot_9_3_3.pdf Graphic file (type pdf)
<use H_sweep_ent_entropy_density_plot_9_3_3.pdf>
Package pdftex.def Info: H_sweep_ent_entropy_density_plot_9_3_3.pdf  used on in
put line 966. on input line 966.
Package pdftex.def Info: Requested size: 277.41176pt x 242.7318pt on input line
 966.
File: H_sweep_ent_entropy_density_plot_9_3_3.pdf Graphic file (type pdf)
<use H_sweep_ent_entropy_density_plot_9_3_3.pdf>
Package pdftex.def Info: H_sweep_ent_entropy_density_plot_9_3_3.pdf  used on in
put line 966. on input line 966.
Package pdftex.def Info: Requested size: 277.41176pt x 242.7318pt on input line
 966.
File: H_sweep_ent_entropy_density_plot_9_3_3.pdf Graphic file (type pdf)
<use H_sweep_ent_entropy_density_plot_9_3_3.pdf>
Package pdftex.def Info: H_sweep_ent_entropy_density_plot_9_3_3.pdf  used on in
put line 966. on input line 966.
Package pdftex.def Info: Requested size: 277.41176pt x 242.7318pt on input line
 966.
[49 <./W_sweep_ent_entropy_density_plot_11_1_5_cuts.pdf> <./H_sweep_ent_entropy
_density_plot_11_1_5.pdf

pdfTeX warning: pdflatex (file ./H_sweep_ent_entropy_density_plot_11_1_5.pdf): 
PDF inclusion: multiple pdfs with page group included in a single page
>]

Package Fancyhdr Warning: \headheight is too small (12.0pt): 
 Make it at least 14.49998pt.
 We now make it that large for the rest of the document.
 This may cause the page layout to be inconsistent, however.

[50 <./W_sweep_ent_entropy_density_plot_9_3_3_cuts.pdf> <./H_sweep_ent_entropy_
density_plot_9_3_3.pdf

pdfTeX warning: pdflatex (file ./H_sweep_ent_entropy_density_plot_9_3_3.pdf): P
DF inclusion: multiple pdfs with page group included in a single page
>] (./FMF_Magistrsko_delo_Jan_Suntajs.bbl [51


]

Package Fancyhdr Warning: \headheight is too small (12.0pt): 
 Make it at least 14.49998pt.
 We now make it that large for the rest of the document.
 This may cause the page layout to be inconsistent, however.

[52])

Package Fancyhdr Warning: \headheight is too small (12.0pt): 
 Make it at least 14.49998pt.
 We now make it that large for the rest of the document.
 This may cause the page layout to be inconsistent, however.

[53]

Package Fancyhdr Warning: \headheight is too small (12.0pt): 
 Make it at least 14.49998pt.
 We now make it that large for the rest of the document.
 This may cause the page layout to be inconsistent, however.

[54

]
Dodatek A.

Package hyperref Warning: Token not allowed in a PDF string (PDFDocEncoding):
(hyperref)                removing `math shift' on input line 982.


Package hyperref Warning: Token not allowed in a PDF string (PDFDocEncoding):
(hyperref)                removing `math shift' on input line 982.


Package hyperref Warning: Token not allowed in a PDF string (PDFDocEncoding):
(hyperref)                removing `math shift' on input line 982.


Package hyperref Warning: Token not allowed in a PDF string (PDFDocEncoding):
(hyperref)                removing `math shift' on input line 982.

LaTeX Font Info:    External font `lmex10' loaded for size
(Font)              <24.88> on input line 982.
LaTeX Font Info:    External font `lmex10' loaded for size
(Font)              <20.74> on input line 982.

Underfull \hbox (badness 10000) in paragraph at lines 993--1003

 []

[55

]

Package Fancyhdr Warning: \headheight is too small (12.0pt): 
 Make it at least 14.49998pt.
 We now make it that large for the rest of the document.
 This may cause the page layout to be inconsistent, however.

[56]

Package Fancyhdr Warning: \headheight is too small (12.0pt): 
 Make it at least 14.49998pt.
 We now make it that large for the rest of the document.
 This may cause the page layout to be inconsistent, however.

[57]

Package Fancyhdr Warning: \headheight is too small (12.0pt): 
 Make it at least 14.49998pt.
 We now make it that large for the rest of the document.
 This may cause the page layout to be inconsistent, however.

[58] (./FMF_Magistrsko_delo_Jan_Suntajs.ind)

Package caption Warning: Unused \captionsetup[sub] on input line 25.
See the caption package documentation for explanation.

Package atveryend Info: Empty hook `BeforeClearDocument' on input line 1099.
Package atveryend Info: Empty hook `AfterLastShipout' on input line 1099.
(./FMF_Magistrsko_delo_Jan_Suntajs.aux)
Package atveryend Info: Executing hook `AtVeryEndDocument' on input line 1099.
Package atveryend Info: Executing hook `AtEndAfterFileList' on input line 1099.

Package rerunfilecheck Info: File `FMF_Magistrsko_delo_Jan_Suntajs.out' has not
 changed.
(rerunfilecheck)             Checksum: CF527E093256CA3A962FA40DC4EC491C;2471.
Package atveryend Info: Empty hook `AtVeryVeryEnd' on input line 1099.
 ) 
Here is how much of TeX's memory you used:
 19517 strings out of 492995
 346540 string characters out of 6135073
 454553 words of memory out of 5000000
 22561 multiletter control sequences out of 15000+600000
 660246 words of font info for 132 fonts, out of 8000000 for 9000
 1141 hyphenation exceptions out of 8191
 38i,17n,58p,10403b,646s stack positions out of 5000i,500n,10000p,200000b,80000s
{/usr/share/texmf/fonts/enc/dvips/lm/lm-ec.enc}{/usr/share/texmf/fonts/enc/dv
ips/lm/lm-rm.enc}{/usr/share/texmf/fonts/enc/dvips/lm/lm-mathsy.enc}{/usr/share
/texmf/fonts/enc/dvips/lm/lm-mathit.enc}{/usr/share/texmf/fonts/enc/dvips/lm/lm
-mathex.enc}</usr/share/texlive/texmf-dist/fonts/type1/public/amsfonts/cm/cmbx1
0.pfb></usr/share/texlive/texmf-dist/fonts/type1/public/amsfonts/cm/cmex10.pfb>
</usr/share/texlive/texmf-dist/fonts/type1/public/amsfonts/cm/cmmi10.pfb></usr/
share/texlive/texmf-dist/fonts/type1/public/amsfonts/cm/cmmi12.pfb></usr/share/
texlive/texmf-dist/fonts/type1/public/amsfonts/cm/cmmi8.pfb></usr/share/texlive
/texmf-dist/fonts/type1/public/amsfonts/cm/cmr10.pfb></usr/share/texlive/texmf-
dist/fonts/type1/public/amsfonts/cm/cmr12.pfb></usr/share/texlive/texmf-dist/fo
nts/type1/public/amsfonts/cm/cmr17.pfb></usr/share/texlive/texmf-dist/fonts/typ
e1/public/amsfonts/cm/cmr7.pfb></usr/share/texlive/texmf-dist/fonts/type1/publi
c/amsfonts/cm/cmsy10.pfb></usr/share/texlive/texmf-dist/fonts/type1/public/amsf
onts/cm/cmsy7.pfb></usr/share/texmf/fonts/type1/public/lm/lmbx10.pfb></usr/shar
e/texmf/fonts/type1/public/lm/lmbx12.pfb></usr/share/texmf/fonts/type1/public/l
m/lmex10.pfb></usr/share/texmf/fonts/type1/public/lm/lmmi10.pfb></usr/share/tex
mf/fonts/type1/public/lm/lmmi12.pfb></usr/share/texmf/fonts/type1/public/lm/lmm
i6.pfb></usr/share/texmf/fonts/type1/public/lm/lmmi8.pfb></usr/share/texmf/font
s/type1/public/lm/lmr10.pfb></usr/share/texmf/fonts/type1/public/lm/lmr12.pfb><
/usr/share/texmf/fonts/type1/public/lm/lmr17.pfb></usr/share/texmf/fonts/type1/
public/lm/lmr6.pfb></usr/share/texmf/fonts/type1/public/lm/lmr8.pfb></usr/share
/texmf/fonts/type1/public/lm/lmri10.pfb></usr/share/texmf/fonts/type1/public/lm
/lmri12.pfb></usr/share/texmf/fonts/type1/public/lm/lmsy10.pfb></usr/share/texm
f/fonts/type1/public/lm/lmsy6.pfb></usr/share/texmf/fonts/type1/public/lm/lmsy8
.pfb></usr/share/texmf/fonts/type1/public/lm/lmtt12.pfb></usr/share/texlive/tex
mf-dist/fonts/type1/public/amsfonts/symbols/msbm10.pfb>
Output written on FMF_Magistrsko_delo_Jan_Suntajs.pdf (58 pages, 4220937 bytes)
.
PDF statistics:
 1574 PDF objects out of 1728 (max. 8388607)
 1264 compressed objects within 13 object streams
 228 named destinations out of 1000 (max. 500000)
 437 words of extra memory for PDF output out of 10000 (max. 10000000)

